<?xml version="1.0" encoding="UTF-8"?>
<testsuite xmlns:xsi="http://www.w3.org/2001/XMLSchema-instance" xsi:noNamespaceSchemaLocation="https://maven.apache.org/surefire/maven-surefire-plugin/xsd/surefire-test-report-3.0.xsd" version="3.0" name="edu.jhu.algos.hashing.DivisionHashTableTest" time="0.164" tests="15" errors="0" skipped="0" failures="0">
  <properties>
[...]
</properties>
  <testcase name="testInsertFailsMetricsStable" classname="edu.jhu.algos.hashing.DivisionHashTableTest" time="0.037">
    <system-out><![CDATA[[DEBUG] Hashed key 0 → 0 (mod 2) → final index 0 (mod tableSize 2)
[DEBUG] Inserting key 0 using strategy: linear
[DEBUG] Probing attempt 0 for key 0 → index 0
[DEBUG] Inserted key 0 at index 0 after 0 probe(s)
[DEBUG] Hashed key 1 → 1 (mod 2) → final index 1 (mod tableSize 2)
[DEBUG] Inserting key 1 using strategy: linear
[DEBUG] Probing attempt 0 for key 1 → index 1
[DEBUG] Inserted key 1 at index 1 after 0 probe(s)
[DEBUG] Hashed key 2 → 0 (mod 2) → final index 0 (mod tableSize 2)
[DEBUG] Inserting key 2 using strategy: linear
[DEBUG] Probing attempt 0 for key 2 → index 0
[DEBUG] Probing attempt 1 for key 2 → index 1
]]></system-out>
    <system-err><![CDATA[Error: Hash table is full. Could not insert key: 2
]]></system-err>
  </testcase>
  <testcase name="testTracksPrimaryAndSecondaryCollisions" classname="edu.jhu.algos.hashing.DivisionHashTableTest" time="0.014">
    <system-out><![CDATA[[DEBUG] Hashed key 0 → 0 (mod 5) → final index 0 (mod tableSize 5)
[DEBUG] Inserting key 0 using strategy: linear
[DEBUG] Probing attempt 0 for key 0 → index 0
[DEBUG] Inserted key 0 at index 0 after 0 probe(s)
[DEBUG] Hashed key 5 → 0 (mod 5) → final index 0 (mod tableSize 5)
[DEBUG] Inserting key 5 using strategy: linear
[DEBUG] Probing attempt 0 for key 5 → index 0
[DEBUG] Probing attempt 1 for key 5 → index 1
[DEBUG] Inserted key 5 at index 1 after 1 probe(s)
[DEBUG] Hashed key 10 → 0 (mod 5) → final index 0 (mod tableSize 5)
[DEBUG] Inserting key 10 using strategy: linear
[DEBUG] Probing attempt 0 for key 10 → index 0
[DEBUG] Probing attempt 1 for key 10 → index 1
[DEBUG] Probing attempt 2 for key 10 → index 2
[DEBUG] Inserted key 10 at index 2 after 2 probe(s)
]]></system-out>
  </testcase>
  <testcase name="testLinearProbingInsert" classname="edu.jhu.algos.hashing.DivisionHashTableTest" time="0.004">
    <system-out><![CDATA[[DEBUG] Hashed key 2 → 2 (mod 10) → final index 2 (mod tableSize 10)
[DEBUG] Inserting key 2 using strategy: linear
[DEBUG] Probing attempt 0 for key 2 → index 2
[DEBUG] Inserted key 2 at index 2 after 0 probe(s)
[DEBUG] Hashed key 12 → 2 (mod 10) → final index 2 (mod tableSize 10)
[DEBUG] Inserting key 12 using strategy: linear
[DEBUG] Probing attempt 0 for key 12 → index 2
[DEBUG] Probing attempt 1 for key 12 → index 3
[DEBUG] Inserted key 12 at index 3 after 1 probe(s)
]]></system-out>
  </testcase>
  <testcase name="testQuadraticProbingWithCustomC1C2" classname="edu.jhu.algos.hashing.DivisionHashTableTest" time="0.013">
    <system-out><![CDATA[[DEBUG] Hashed key 2 → 2 (mod 10) → final index 2 (mod tableSize 10)
[DEBUG] Inserting key 2 using strategy: quadratic
[DEBUG] Quadratic probing parameters: c1 = 1.00, c2 = 1.00
[DEBUG] Probing attempt 0 for key 2 → index 2
[DEBUG] Inserted key 2 at index 2 after 0 probe(s)
[DEBUG] Hashed key 12 → 2 (mod 10) → final index 2 (mod tableSize 10)
[DEBUG] Inserting key 12 using strategy: quadratic
[DEBUG] Quadratic probing parameters: c1 = 1.00, c2 = 1.00
[DEBUG] Probing attempt 0 for key 12 → index 2
[DEBUG] Probing attempt 1 for key 12 → index 4
[DEBUG] Inserted key 12 at index 4 after 1 probe(s)
[DEBUG] Hashed key 2 → 2 (mod 10) → final index 2 (mod tableSize 10)
[DEBUG] Hashed key 12 → 2 (mod 10) → final index 2 (mod tableSize 10)
]]></system-out>
  </testcase>
  <testcase name="testLoadFactor" classname="edu.jhu.algos.hashing.DivisionHashTableTest" time="0.006">
    <system-out><![CDATA[[DEBUG] Hashed key 3 → 3 (mod 10) → final index 3 (mod tableSize 10)
[DEBUG] Inserting key 3 using strategy: linear
[DEBUG] Probing attempt 0 for key 3 → index 3
[DEBUG] Inserted key 3 at index 3 after 0 probe(s)
[DEBUG] Hashed key 13 → 3 (mod 10) → final index 3 (mod tableSize 10)
[DEBUG] Inserting key 13 using strategy: linear
[DEBUG] Probing attempt 0 for key 13 → index 3
[DEBUG] Probing attempt 1 for key 13 → index 4
[DEBUG] Inserted key 13 at index 4 after 1 probe(s)
[DEBUG] Hashed key 23 → 3 (mod 10) → final index 3 (mod tableSize 10)
[DEBUG] Inserting key 23 using strategy: linear
[DEBUG] Probing attempt 0 for key 23 → index 3
[DEBUG] Probing attempt 1 for key 23 → index 4
[DEBUG] Probing attempt 2 for key 23 → index 5
[DEBUG] Inserted key 23 at index 5 after 2 probe(s)
]]></system-out>
  </testcase>
  <testcase name="testChainingClearTableReleasesNodes" classname="edu.jhu.algos.hashing.DivisionHashTableTest" time="0.012">
    <system-out><![CDATA[[DEBUG] Initializing chaining support...
[DEBUG] Chaining support initialized with 10 preallocated nodes.
[DEBUG] Hashed key 1 → 1 (mod 5) → final index 1 (mod tableSize 5)
[DEBUG] Inserting key 1 using strategy: chaining
[DEBUG] Inserted key 1 into chain.
[DEBUG] Inserted key 1 into chain at index 1
[DEBUG] Hashed key 6 → 1 (mod 5) → final index 1 (mod tableSize 5)
[DEBUG] Inserting key 6 using strategy: chaining
[DEBUG] Inserted key 6 into chain.
[DEBUG] Inserted key 6 into chain at index 1
[DEBUG] Clearing hash table and resetting metrics...
[DEBUG] Chained lists cleared and nodes returned to pool.
]]></system-out>
  </testcase>
  <testcase name="testChainingMetricsOnlyTracksInsertions" classname="edu.jhu.algos.hashing.DivisionHashTableTest" time="0.003">
    <system-out><![CDATA[[DEBUG] Initializing chaining support...
[DEBUG] Chaining support initialized with 20 preallocated nodes.
[DEBUG] Hashed key 1 → 1 (mod 10) → final index 1 (mod tableSize 10)
[DEBUG] Inserting key 1 using strategy: chaining
[DEBUG] Inserted key 1 into chain.
[DEBUG] Inserted key 1 into chain at index 1
[DEBUG] Hashed key 11 → 1 (mod 10) → final index 1 (mod tableSize 10)
[DEBUG] Inserting key 11 using strategy: chaining
[DEBUG] Inserted key 11 into chain.
[DEBUG] Inserted key 11 into chain at index 1
]]></system-out>
  </testcase>
  <testcase name="testSearchFunctionalityAcrossStrategies" classname="edu.jhu.algos.hashing.DivisionHashTableTest" time="0.013">
    <system-out><![CDATA[[DEBUG] Hashed key 3 → 3 (mod 10) → final index 3 (mod tableSize 10)
[DEBUG] Inserting key 3 using strategy: linear
[DEBUG] Probing attempt 0 for key 3 → index 3
[DEBUG] Inserted key 3 at index 3 after 0 probe(s)
[DEBUG] Hashed key 13 → 3 (mod 10) → final index 3 (mod tableSize 10)
[DEBUG] Inserting key 13 using strategy: linear
[DEBUG] Probing attempt 0 for key 13 → index 3
[DEBUG] Probing attempt 1 for key 13 → index 4
[DEBUG] Inserted key 13 at index 4 after 1 probe(s)
[DEBUG] Hashed key 3 → 3 (mod 10) → final index 3 (mod tableSize 10)
[DEBUG] Hashed key 13 → 3 (mod 10) → final index 3 (mod tableSize 10)
[DEBUG] Hashed key 99 → 9 (mod 10) → final index 9 (mod tableSize 10)
[DEBUG] Hashed key 4 → 4 (mod 10) → final index 4 (mod tableSize 10)
[DEBUG] Inserting key 4 using strategy: quadratic
[DEBUG] Quadratic probing parameters: c1 = 0.50, c2 = 0.50
[DEBUG] Probing attempt 0 for key 4 → index 4
[DEBUG] Inserted key 4 at index 4 after 0 probe(s)
[DEBUG] Hashed key 14 → 4 (mod 10) → final index 4 (mod tableSize 10)
[DEBUG] Inserting key 14 using strategy: quadratic
[DEBUG] Quadratic probing parameters: c1 = 0.50, c2 = 0.50
[DEBUG] Probing attempt 0 for key 14 → index 4
[DEBUG] Probing attempt 1 for key 14 → index 5
[DEBUG] Inserted key 14 at index 5 after 1 probe(s)
[DEBUG] Hashed key 4 → 4 (mod 10) → final index 4 (mod tableSize 10)
[DEBUG] Hashed key 14 → 4 (mod 10) → final index 4 (mod tableSize 10)
[DEBUG] Hashed key 100 → 0 (mod 10) → final index 0 (mod tableSize 10)
[DEBUG] Initializing chaining support...
[DEBUG] Chaining support initialized with 20 preallocated nodes.
[DEBUG] Hashed key 5 → 5 (mod 10) → final index 5 (mod tableSize 10)
[DEBUG] Inserting key 5 using strategy: chaining
[DEBUG] Inserted key 5 into chain.
[DEBUG] Inserted key 5 into chain at index 5
[DEBUG] Hashed key 15 → 5 (mod 10) → final index 5 (mod tableSize 10)
[DEBUG] Inserting key 15 using strategy: chaining
[DEBUG] Inserted key 15 into chain.
[DEBUG] Inserted key 15 into chain at index 5
[DEBUG] Hashed key 5 → 5 (mod 10) → final index 5 (mod tableSize 10)
[DEBUG] Hashed key 15 → 5 (mod 10) → final index 5 (mod tableSize 10)
[DEBUG] Hashed key 200 → 0 (mod 10) → final index 0 (mod tableSize 10)
]]></system-out>
  </testcase>
  <testcase name="testClearTableResetsEverything" classname="edu.jhu.algos.hashing.DivisionHashTableTest" time="0.008">
    <system-out><![CDATA[[DEBUG] Hashed key 3 → 3 (mod 10) → final index 3 (mod tableSize 10)
[DEBUG] Inserting key 3 using strategy: linear
[DEBUG] Probing attempt 0 for key 3 → index 3
[DEBUG] Inserted key 3 at index 3 after 0 probe(s)
[DEBUG] Hashed key 13 → 3 (mod 10) → final index 3 (mod tableSize 10)
[DEBUG] Inserting key 13 using strategy: linear
[DEBUG] Probing attempt 0 for key 13 → index 3
[DEBUG] Probing attempt 1 for key 13 → index 4
[DEBUG] Inserted key 13 at index 4 after 1 probe(s)
[DEBUG] Clearing hash table and resetting metrics...
]]></system-out>
  </testcase>
  <testcase name="testQuadraticProbingInsert" classname="edu.jhu.algos.hashing.DivisionHashTableTest" time="0.004">
    <system-out><![CDATA[[DEBUG] Hashed key 5 → 5 (mod 10) → final index 5 (mod tableSize 10)
[DEBUG] Inserting key 5 using strategy: quadratic
[DEBUG] Quadratic probing parameters: c1 = 0.50, c2 = 0.50
[DEBUG] Probing attempt 0 for key 5 → index 5
[DEBUG] Inserted key 5 at index 5 after 0 probe(s)
[DEBUG] Hashed key 15 → 5 (mod 10) → final index 5 (mod tableSize 10)
[DEBUG] Inserting key 15 using strategy: quadratic
[DEBUG] Quadratic probing parameters: c1 = 0.50, c2 = 0.50
[DEBUG] Probing attempt 0 for key 15 → index 5
[DEBUG] Probing attempt 1 for key 15 → index 6
[DEBUG] Inserted key 15 at index 6 after 1 probe(s)
]]></system-out>
  </testcase>
  <testcase name="testGetRawTableReturnsCorrectStructure" classname="edu.jhu.algos.hashing.DivisionHashTableTest" time="0.002">
    <system-out><![CDATA[[DEBUG] Initializing chaining support...
[DEBUG] Chaining support initialized with 20 preallocated nodes.
]]></system-out>
  </testcase>
  <testcase name="testLinearProbingFailsWhenFull" classname="edu.jhu.algos.hashing.DivisionHashTableTest" time="0.002">
    <system-out><![CDATA[[DEBUG] Hashed key 0 → 0 (mod 3) → final index 0 (mod tableSize 3)
[DEBUG] Inserting key 0 using strategy: linear
[DEBUG] Probing attempt 0 for key 0 → index 0
[DEBUG] Inserted key 0 at index 0 after 0 probe(s)
[DEBUG] Hashed key 1 → 1 (mod 3) → final index 1 (mod tableSize 3)
[DEBUG] Inserting key 1 using strategy: linear
[DEBUG] Probing attempt 0 for key 1 → index 1
[DEBUG] Inserted key 1 at index 1 after 0 probe(s)
[DEBUG] Hashed key 2 → 2 (mod 3) → final index 2 (mod tableSize 3)
[DEBUG] Inserting key 2 using strategy: linear
[DEBUG] Probing attempt 0 for key 2 → index 2
[DEBUG] Inserted key 2 at index 2 after 0 probe(s)
[DEBUG] Hashed key 3 → 0 (mod 3) → final index 0 (mod tableSize 3)
[DEBUG] Inserting key 3 using strategy: linear
[DEBUG] Probing attempt 0 for key 3 → index 0
[DEBUG] Probing attempt 1 for key 3 → index 1
[DEBUG] Probing attempt 2 for key 3 → index 2
]]></system-out>
    <system-err><![CDATA[Error: Hash table is full. Could not insert key: 3
]]></system-err>
  </testcase>
  <testcase name="testChainingInsert" classname="edu.jhu.algos.hashing.DivisionHashTableTest" time="0.002">
    <system-out><![CDATA[[DEBUG] Initializing chaining support...
[DEBUG] Chaining support initialized with 20 preallocated nodes.
[DEBUG] Hashed key 7 → 7 (mod 10) → final index 7 (mod tableSize 10)
[DEBUG] Inserting key 7 using strategy: chaining
[DEBUG] Inserted key 7 into chain.
[DEBUG] Inserted key 7 into chain at index 7
[DEBUG] Hashed key 17 → 7 (mod 10) → final index 7 (mod tableSize 10)
[DEBUG] Inserting key 17 using strategy: chaining
[DEBUG] Inserted key 17 into chain.
[DEBUG] Inserted key 17 into chain at index 7
]]></system-out>
  </testcase>
  <testcase name="testLookupFunctionality" classname="edu.jhu.algos.hashing.DivisionHashTableTest" time="0.007">
    <system-out><![CDATA[[DEBUG] Hashed key 1 → 1 (mod 10) → final index 1 (mod tableSize 10)
[DEBUG] Inserting key 1 using strategy: linear
[DEBUG] Probing attempt 0 for key 1 → index 1
[DEBUG] Inserted key 1 at index 1 after 0 probe(s)
[DEBUG] Hashed key 11 → 1 (mod 10) → final index 1 (mod tableSize 10)
[DEBUG] Inserting key 11 using strategy: linear
[DEBUG] Probing attempt 0 for key 11 → index 1
[DEBUG] Probing attempt 1 for key 11 → index 2
[DEBUG] Inserted key 11 at index 2 after 1 probe(s)
[DEBUG] Hashed key 1 → 1 (mod 10) → final index 1 (mod tableSize 10)
[DEBUG] Hashed key 11 → 1 (mod 10) → final index 1 (mod tableSize 10)
[DEBUG] Hashed key 99 → 9 (mod 10) → final index 9 (mod tableSize 10)
[DEBUG] Hashed key 2 → 2 (mod 10) → final index 2 (mod tableSize 10)
[DEBUG] Inserting key 2 using strategy: quadratic
[DEBUG] Quadratic probing parameters: c1 = 0.50, c2 = 0.50
[DEBUG] Probing attempt 0 for key 2 → index 2
[DEBUG] Inserted key 2 at index 2 after 0 probe(s)
[DEBUG] Hashed key 12 → 2 (mod 10) → final index 2 (mod tableSize 10)
[DEBUG] Inserting key 12 using strategy: quadratic
[DEBUG] Quadratic probing parameters: c1 = 0.50, c2 = 0.50
[DEBUG] Probing attempt 0 for key 12 → index 2
[DEBUG] Probing attempt 1 for key 12 → index 3
[DEBUG] Inserted key 12 at index 3 after 1 probe(s)
[DEBUG] Hashed key 2 → 2 (mod 10) → final index 2 (mod tableSize 10)
[DEBUG] Hashed key 12 → 2 (mod 10) → final index 2 (mod tableSize 10)
[DEBUG] Hashed key 999 → 9 (mod 10) → final index 9 (mod tableSize 10)
[DEBUG] Initializing chaining support...
[DEBUG] Chaining support initialized with 20 preallocated nodes.
[DEBUG] Hashed key 3 → 3 (mod 10) → final index 3 (mod tableSize 10)
[DEBUG] Inserting key 3 using strategy: chaining
[DEBUG] Inserted key 3 into chain.
[DEBUG] Inserted key 3 into chain at index 3
[DEBUG] Hashed key 13 → 3 (mod 10) → final index 3 (mod tableSize 10)
[DEBUG] Inserting key 13 using strategy: chaining
[DEBUG] Inserted key 13 into chain.
[DEBUG] Inserted key 13 into chain at index 3
[DEBUG] Hashed key 3 → 3 (mod 10) → final index 3 (mod tableSize 10)
[DEBUG] Hashed key 13 → 3 (mod 10) → final index 3 (mod tableSize 10)
[DEBUG] Hashed key 123 → 3 (mod 10) → final index 3 (mod tableSize 10)
]]></system-out>
  </testcase>
  <testcase name="testNoCollisionNoProbes" classname="edu.jhu.algos.hashing.DivisionHashTableTest" time="0.006">
    <system-out><![CDATA[[DEBUG] Hashed key 3 → 3 (mod 10) → final index 3 (mod tableSize 10)
[DEBUG] Inserting key 3 using strategy: linear
[DEBUG] Probing attempt 0 for key 3 → index 3
[DEBUG] Inserted key 3 at index 3 after 0 probe(s)
]]></system-out>
  </testcase>
</testsuite>