<?xml version="1.0" encoding="UTF-8"?>
<testsuite xmlns:xsi="http://www.w3.org/2001/XMLSchema-instance" xsi:noNamespaceSchemaLocation="https://maven.apache.org/surefire/maven-surefire-plugin/xsd/surefire-test-report-3.0.xsd" version="3.0" name="edu.jhu.algos.hashing.CustomHashTableTest" time="0.05" tests="13" errors="0" skipped="0" failures="0">
  <properties>
[...]
</properties>
  <testcase name="testRawTableAccess" classname="edu.jhu.algos.hashing.CustomHashTableTest" time="0.002">
    <system-out><![CDATA[[DEBUG] Initializing chaining support...
[DEBUG] Chaining pool created with 10 nodes.
]]></system-out>
  </testcase>
  <testcase name="testLinearProbingWithCollision" classname="edu.jhu.algos.hashing.CustomHashTableTest" time="0.001">
    <system-out><![CDATA[[DEBUG] Hashed key 5 → index 1 using Fibonacci hashing
[DEBUG] Inserting key 5 using strategy: linear
[DEBUG] Probing attempt 0 for key 5 → index 1
[DEBUG] Inserted key 5 at index 1 after 0 probe(s)
[DEBUG] Hashed key 13 → index 1 using Fibonacci hashing
[DEBUG] Inserting key 13 using strategy: linear
[DEBUG] Probing attempt 0 for key 13 → index 1
[DEBUG] Probing attempt 1 for key 13 → index 2
[DEBUG] Inserted key 13 at index 2 after 1 probe(s)
[DEBUG] Hashed key 5 → index 1 using Fibonacci hashing
[DEBUG] Hashed key 13 → index 1 using Fibonacci hashing
]]></system-out>
  </testcase>
  <testcase name="testQuadraticProbingWithCustomC1C2" classname="edu.jhu.algos.hashing.CustomHashTableTest" time="0.001">
    <system-out><![CDATA[[DEBUG] Hashed key 3 → index 1 using Fibonacci hashing
[DEBUG] Inserting key 3 using strategy: quadratic
[DEBUG] Probing attempt 0 for key 3 → index 1
[DEBUG] Inserted key 3 at index 1 after 0 probe(s)
[DEBUG] Hashed key 74 → index 1 using Fibonacci hashing
[DEBUG] Inserting key 74 using strategy: quadratic
[DEBUG] Probing attempt 0 for key 74 → index 1
[DEBUG] Probing attempt 1 for key 74 → index 3
[DEBUG] Inserted key 74 at index 3 after 1 probe(s)
[DEBUG] Hashed key 3 → index 1 using Fibonacci hashing
[DEBUG] Hashed key 74 → index 1 using Fibonacci hashing
]]></system-out>
  </testcase>
  <testcase name="testLoadFactor" classname="edu.jhu.algos.hashing.CustomHashTableTest" time="0.002">
    <system-out><![CDATA[[DEBUG] Hashed key 0 → index 0 using Fibonacci hashing
[DEBUG] Inserting key 0 using strategy: quadratic
[DEBUG] Probing attempt 0 for key 0 → index 0
[DEBUG] Inserted key 0 at index 0 after 0 probe(s)
[DEBUG] Hashed key 1 → index 9 using Fibonacci hashing
[DEBUG] Inserting key 1 using strategy: quadratic
[DEBUG] Probing attempt 0 for key 1 → index 9
[DEBUG] Inserted key 1 at index 9 after 0 probe(s)
[DEBUG] Hashed key 2 → index 14 using Fibonacci hashing
[DEBUG] Inserting key 2 using strategy: quadratic
[DEBUG] Probing attempt 0 for key 2 → index 14
[DEBUG] Inserted key 2 at index 14 after 0 probe(s)
[DEBUG] Hashed key 3 → index 3 using Fibonacci hashing
[DEBUG] Inserting key 3 using strategy: quadratic
[DEBUG] Probing attempt 0 for key 3 → index 3
[DEBUG] Inserted key 3 at index 3 after 0 probe(s)
[DEBUG] Hashed key 4 → index 8 using Fibonacci hashing
[DEBUG] Inserting key 4 using strategy: quadratic
[DEBUG] Probing attempt 0 for key 4 → index 8
[DEBUG] Inserted key 4 at index 8 after 0 probe(s)
]]></system-out>
  </testcase>
  <testcase name="testLinearProbingNoCollision" classname="edu.jhu.algos.hashing.CustomHashTableTest" time="0.001">
    <system-out><![CDATA[[DEBUG] Hashed key 11 → index 7 using Fibonacci hashing
[DEBUG] Inserting key 11 using strategy: linear
[DEBUG] Probing attempt 0 for key 11 → index 7
[DEBUG] Inserted key 11 at index 7 after 0 probe(s)
[DEBUG] Hashed key 200 → index 8 using Fibonacci hashing
[DEBUG] Inserting key 200 using strategy: linear
[DEBUG] Probing attempt 0 for key 200 → index 8
[DEBUG] Inserted key 200 at index 8 after 0 probe(s)
[DEBUG] Hashed key 11 → index 7 using Fibonacci hashing
[DEBUG] Hashed key 200 → index 8 using Fibonacci hashing
]]></system-out>
  </testcase>
  <testcase name="testAccessChainWithoutChainingFails" classname="edu.jhu.algos.hashing.CustomHashTableTest" time="0.002"/>
  <testcase name="testInvalidStrategyThrowsError" classname="edu.jhu.algos.hashing.CustomHashTableTest" time="0.003">
    <system-out><![CDATA[[DEBUG] Hashed key 5 → index 7 using Fibonacci hashing
[DEBUG] Inserting key 5 using strategy: rocket-science
]]></system-out>
  </testcase>
  <testcase name="testQuadraticProbing" classname="edu.jhu.algos.hashing.CustomHashTableTest" time="0.002">
    <system-out><![CDATA[[DEBUG] Hashed key 42 → index 2 using Fibonacci hashing
[DEBUG] Inserting key 42 using strategy: quadratic
[DEBUG] Probing attempt 0 for key 42 → index 2
[DEBUG] Inserted key 42 at index 2 after 0 probe(s)
[DEBUG] Hashed key 74 → index 2 using Fibonacci hashing
[DEBUG] Inserting key 74 using strategy: quadratic
[DEBUG] Probing attempt 0 for key 74 → index 2
[DEBUG] Probing attempt 1 for key 74 → index 3
[DEBUG] Inserted key 74 at index 3 after 1 probe(s)
[DEBUG] Hashed key 42 → index 2 using Fibonacci hashing
[DEBUG] Hashed key 74 → index 2 using Fibonacci hashing
]]></system-out>
  </testcase>
  <testcase name="testProbingFailsWhenFull" classname="edu.jhu.algos.hashing.CustomHashTableTest" time="0.002">
    <system-out><![CDATA[[DEBUG] Hashed key 1 → index 0 using Fibonacci hashing
[DEBUG] Inserting key 1 using strategy: linear
[DEBUG] Probing attempt 0 for key 1 → index 0
[DEBUG] Inserted key 1 at index 0 after 0 probe(s)
[DEBUG] Hashed key 2 → index 1 using Fibonacci hashing
[DEBUG] Inserting key 2 using strategy: linear
[DEBUG] Probing attempt 0 for key 2 → index 1
[DEBUG] Inserted key 2 at index 1 after 0 probe(s)
[DEBUG] Hashed key 3 → index 1 using Fibonacci hashing
[DEBUG] Inserting key 3 using strategy: linear
[DEBUG] Probing attempt 0 for key 3 → index 1
[DEBUG] Probing attempt 1 for key 3 → index 2
[DEBUG] Inserted key 3 at index 2 after 1 probe(s)
[DEBUG] Hashed key 4 → index 2 using Fibonacci hashing
[DEBUG] Inserting key 4 using strategy: linear
[DEBUG] Probing attempt 0 for key 4 → index 2
[DEBUG] Probing attempt 1 for key 4 → index 0
[DEBUG] Probing attempt 2 for key 4 → index 1
]]></system-out>
    <system-err><![CDATA[Error: Hash table is full. Could not insert key: 4
]]></system-err>
  </testcase>
  <testcase name="testChainingNodePoolExhaustion" classname="edu.jhu.algos.hashing.CustomHashTableTest" time="0.002">
    <system-out><![CDATA[[DEBUG] Initializing chaining support...
[DEBUG] Chaining pool created with 8 nodes.
[DEBUG] Hashed key 0 → index 0 using Fibonacci hashing
[DEBUG] Inserting key 0 using strategy: chaining
[DEBUG] Inserted key 0 into chain.
[DEBUG] Inserted key 0 into chain at index 0
[DEBUG] Hashed key 1 → index 1 using Fibonacci hashing
[DEBUG] Inserting key 1 using strategy: chaining
[DEBUG] Inserted key 1 into chain.
[DEBUG] Inserted key 1 into chain at index 1
[DEBUG] Hashed key 2 → index 2 using Fibonacci hashing
[DEBUG] Inserting key 2 using strategy: chaining
[DEBUG] Inserted key 2 into chain.
[DEBUG] Inserted key 2 into chain at index 2
[DEBUG] Hashed key 3 → index 3 using Fibonacci hashing
[DEBUG] Inserting key 3 using strategy: chaining
[DEBUG] Inserted key 3 into chain.
[DEBUG] Inserted key 3 into chain at index 3
[DEBUG] Hashed key 4 → index 0 using Fibonacci hashing
[DEBUG] Inserting key 4 using strategy: chaining
[DEBUG] Inserted key 4 into chain.
[DEBUG] Inserted key 4 into chain at index 0
[DEBUG] Hashed key 5 → index 1 using Fibonacci hashing
[DEBUG] Inserting key 5 using strategy: chaining
[DEBUG] Inserted key 5 into chain.
[DEBUG] Inserted key 5 into chain at index 1
[DEBUG] Hashed key 6 → index 2 using Fibonacci hashing
[DEBUG] Inserting key 6 using strategy: chaining
[DEBUG] Inserted key 6 into chain.
[DEBUG] Inserted key 6 into chain at index 2
[DEBUG] Hashed key 7 → index 3 using Fibonacci hashing
[DEBUG] Inserting key 7 using strategy: chaining
[DEBUG] Inserted key 7 into chain.
[DEBUG] Inserted key 7 into chain at index 3
[DEBUG] Hashed key 8 → index 0 using Fibonacci hashing
[DEBUG] Inserting key 8 using strategy: chaining
[DEBUG] Inserted key 8 into chain at index 0
[DEBUG] Hashed key 9 → index 1 using Fibonacci hashing
[DEBUG] Inserting key 9 using strategy: chaining
[DEBUG] Inserted key 9 into chain at index 1
[DEBUG] Hashed key 10 → index 2 using Fibonacci hashing
[DEBUG] Inserting key 10 using strategy: chaining
[DEBUG] Inserted key 10 into chain at index 2
[DEBUG] Hashed key 11 → index 3 using Fibonacci hashing
[DEBUG] Inserting key 11 using strategy: chaining
[DEBUG] Inserted key 11 into chain at index 3
[DEBUG] Hashed key 12 → index 0 using Fibonacci hashing
[DEBUG] Inserting key 12 using strategy: chaining
[DEBUG] Inserted key 12 into chain at index 0
[DEBUG] Hashed key 13 → index 1 using Fibonacci hashing
[DEBUG] Inserting key 13 using strategy: chaining
[DEBUG] Inserted key 13 into chain at index 1
[DEBUG] Hashed key 14 → index 2 using Fibonacci hashing
[DEBUG] Inserting key 14 using strategy: chaining
[DEBUG] Inserted key 14 into chain at index 2
[DEBUG] Hashed key 15 → index 3 using Fibonacci hashing
[DEBUG] Inserting key 15 using strategy: chaining
[DEBUG] Inserted key 15 into chain at index 3
[DEBUG] Hashed key 16 → index 0 using Fibonacci hashing
[DEBUG] Inserting key 16 using strategy: chaining
[DEBUG] Inserted key 16 into chain at index 0
[DEBUG] Hashed key 17 → index 1 using Fibonacci hashing
[DEBUG] Inserting key 17 using strategy: chaining
[DEBUG] Inserted key 17 into chain at index 1
[DEBUG] Hashed key 18 → index 2 using Fibonacci hashing
[DEBUG] Inserting key 18 using strategy: chaining
[DEBUG] Inserted key 18 into chain at index 2
[DEBUG] Hashed key 19 → index 3 using Fibonacci hashing
[DEBUG] Inserting key 19 using strategy: chaining
[DEBUG] Inserted key 19 into chain at index 3
]]></system-out>
    <system-err><![CDATA[Debug: No free nodes available for chaining. Key = 8
Debug: No free nodes available for chaining. Key = 9
Debug: No free nodes available for chaining. Key = 10
Debug: No free nodes available for chaining. Key = 11
Debug: No free nodes available for chaining. Key = 12
Debug: No free nodes available for chaining. Key = 13
Debug: No free nodes available for chaining. Key = 14
Debug: No free nodes available for chaining. Key = 15
Debug: No free nodes available for chaining. Key = 16
Debug: No free nodes available for chaining. Key = 17
Debug: No free nodes available for chaining. Key = 18
Debug: No free nodes available for chaining. Key = 19
]]></system-err>
  </testcase>
  <testcase name="testSearchAcrossStrategies" classname="edu.jhu.algos.hashing.CustomHashTableTest" time="0.002">
    <system-out><![CDATA[[DEBUG] Hashed key 5 → index 9 using Fibonacci hashing
[DEBUG] Inserting key 5 using strategy: linear
[DEBUG] Probing attempt 0 for key 5 → index 9
[DEBUG] Inserted key 5 at index 9 after 0 probe(s)
[DEBUG] Hashed key 21 → index 9 using Fibonacci hashing
[DEBUG] Inserting key 21 using strategy: linear
[DEBUG] Probing attempt 0 for key 21 → index 9
[DEBUG] Probing attempt 1 for key 21 → index 10
[DEBUG] Inserted key 21 at index 10 after 1 probe(s)
[DEBUG] Hashed key 5 → index 9 using Fibonacci hashing
[DEBUG] Hashed key 21 → index 9 using Fibonacci hashing
[DEBUG] Hashed key 99 → index 15 using Fibonacci hashing
[DEBUG] Hashed key 7 → index 3 using Fibonacci hashing
[DEBUG] Inserting key 7 using strategy: quadratic
[DEBUG] Probing attempt 0 for key 7 → index 3
[DEBUG] Inserted key 7 at index 3 after 0 probe(s)
[DEBUG] Hashed key 23 → index 3 using Fibonacci hashing
[DEBUG] Inserting key 23 using strategy: quadratic
[DEBUG] Probing attempt 0 for key 23 → index 3
[DEBUG] Probing attempt 1 for key 23 → index 4
[DEBUG] Inserted key 23 at index 4 after 1 probe(s)
[DEBUG] Hashed key 7 → index 3 using Fibonacci hashing
[DEBUG] Hashed key 23 → index 3 using Fibonacci hashing
[DEBUG] Hashed key 42 → index 2 using Fibonacci hashing
[DEBUG] Initializing chaining support...
[DEBUG] Chaining pool created with 16 nodes.
[DEBUG] Hashed key 3 → index 7 using Fibonacci hashing
[DEBUG] Inserting key 3 using strategy: chaining
[DEBUG] Inserted key 3 into chain.
[DEBUG] Inserted key 3 into chain at index 7
[DEBUG] Hashed key 11 → index 7 using Fibonacci hashing
[DEBUG] Inserting key 11 using strategy: chaining
[DEBUG] Inserted key 11 into chain.
[DEBUG] Inserted key 11 into chain at index 7
[DEBUG] Hashed key 3 → index 7 using Fibonacci hashing
[DEBUG] Hashed key 11 → index 7 using Fibonacci hashing
[DEBUG] Hashed key 99 → index 7 using Fibonacci hashing
]]></system-out>
  </testcase>
  <testcase name="testLookupFunctionality" classname="edu.jhu.algos.hashing.CustomHashTableTest" time="0.005">
    <system-out><![CDATA[[DEBUG] Hashed key 1 → index 9 using Fibonacci hashing
[DEBUG] Inserting key 1 using strategy: linear
[DEBUG] Probing attempt 0 for key 1 → index 9
[DEBUG] Inserted key 1 at index 9 after 0 probe(s)
[DEBUG] Hashed key 11 → index 3 using Fibonacci hashing
[DEBUG] Inserting key 11 using strategy: linear
[DEBUG] Probing attempt 0 for key 11 → index 3
[DEBUG] Inserted key 11 at index 3 after 0 probe(s)
[DEBUG] Hashed key 1 → index 9 using Fibonacci hashing
[DEBUG] Hashed key 11 → index 3 using Fibonacci hashing
[DEBUG] Hashed key 99 → index 9 using Fibonacci hashing
[DEBUG] Hashed key 2 → index 4 using Fibonacci hashing
[DEBUG] Inserting key 2 using strategy: quadratic
[DEBUG] Probing attempt 0 for key 2 → index 4
[DEBUG] Inserted key 2 at index 4 after 0 probe(s)
[DEBUG] Hashed key 12 → index 8 using Fibonacci hashing
[DEBUG] Inserting key 12 using strategy: quadratic
[DEBUG] Probing attempt 0 for key 12 → index 8
[DEBUG] Inserted key 12 at index 8 after 0 probe(s)
[DEBUG] Hashed key 2 → index 4 using Fibonacci hashing
[DEBUG] Hashed key 12 → index 8 using Fibonacci hashing
[DEBUG] Hashed key 200 → index 6 using Fibonacci hashing
[DEBUG] Initializing chaining support...
[DEBUG] Chaining pool created with 20 nodes.
[DEBUG] Hashed key 3 → index 3 using Fibonacci hashing
[DEBUG] Inserting key 3 using strategy: chaining
[DEBUG] Inserted key 3 into chain.
[DEBUG] Inserted key 3 into chain at index 3
[DEBUG] Hashed key 13 → index 7 using Fibonacci hashing
[DEBUG] Inserting key 13 using strategy: chaining
[DEBUG] Inserted key 13 into chain.
[DEBUG] Inserted key 13 into chain at index 7
[DEBUG] Hashed key 3 → index 3 using Fibonacci hashing
[DEBUG] Hashed key 13 → index 7 using Fibonacci hashing
[DEBUG] Hashed key 300 → index 0 using Fibonacci hashing
]]></system-out>
  </testcase>
  <testcase name="testChainingInsertions" classname="edu.jhu.algos.hashing.CustomHashTableTest" time="0.001">
    <system-out><![CDATA[[DEBUG] Initializing chaining support...
[DEBUG] Chaining pool created with 16 nodes.
[DEBUG] Hashed key 77 → index 1 using Fibonacci hashing
[DEBUG] Inserting key 77 using strategy: chaining
[DEBUG] Inserted key 77 into chain.
[DEBUG] Inserted key 77 into chain at index 1
[DEBUG] Hashed key 85 → index 1 using Fibonacci hashing
[DEBUG] Inserting key 85 using strategy: chaining
[DEBUG] Inserted key 85 into chain.
[DEBUG] Inserted key 85 into chain at index 1
]]></system-out>
  </testcase>
</testsuite>