<?xml version="1.0" encoding="UTF-8"?>
<testsuite xmlns:xsi="http://www.w3.org/2001/XMLSchema-instance" xsi:noNamespaceSchemaLocation="https://maven.apache.org/surefire/maven-surefire-plugin/xsd/surefire-test-report-3.0.xsd" version="3.0" name="edu.jhu.algos.data_structures.ChainedNodeTest" time="0.084" tests="6" errors="0" skipped="0" failures="0">
  <properties>
[...]
</properties>
  <testcase name="testNegativeKeyThrows" classname="edu.jhu.algos.data_structures.ChainedNodeTest" time="0.002"/>
  <testcase name="testDefaultNextIsNull" classname="edu.jhu.algos.data_structures.ChainedNodeTest" time="0.04"/>
  <testcase name="testCreateEmptyNode" classname="edu.jhu.algos.data_structures.ChainedNodeTest" time="0.003"/>
  <testcase name="testSetNext" classname="edu.jhu.algos.data_structures.ChainedNodeTest" time="0.014"/>
  <testcase name="testKeyStorage" classname="edu.jhu.algos.data_structures.ChainedNodeTest" time="0.003"/>
  <testcase name="testSetNextToSelfThrows" classname="edu.jhu.algos.data_structures.ChainedNodeTest" time="0.009"/>
</testsuite>