<?xml version="1.0" encoding="UTF-8"?>
<testsuite xmlns:xsi="http://www.w3.org/2001/XMLSchema-instance" xsi:noNamespaceSchemaLocation="https://maven.apache.org/surefire/maven-surefire-plugin/xsd/surefire-test-report-3.0.xsd" version="3.0" name="edu.jhu.algos.hashing.ProbingStrategyTest" time="0.05" tests="9" errors="0" skipped="0" failures="0">
  <properties>
[...]
</properties>
  <testcase name="testQuadraticProbingPrimaryAndSecondaryCollisions" classname="edu.jhu.algos.hashing.ProbingStrategyTest" time="0.009">
    <system-out><![CDATA[[DEBUG] Probing attempt 0 for key 3000 → index 2
[DEBUG] Probing attempt 1 for key 3000 → index 3
[DEBUG] Probing attempt 2 for key 3000 → index 5
[DEBUG] Inserted key 3000 at index 5 after 2 probe(s)
Final table state:
[0]: null
[1]: null
[2]: 1000
[3]: 2000
[4]: null
[5]: 3000
[6]: null
]]></system-out>
  </testcase>
  <testcase name="testPrimaryAndSecondaryCollisionCounts" classname="edu.jhu.algos.hashing.ProbingStrategyTest" time="0.002">
    <system-out><![CDATA[[DEBUG] Probing attempt 0 for key 333 → index 1
[DEBUG] Probing attempt 1 for key 333 → index 2
[DEBUG] Probing attempt 2 for key 333 → index 3
[DEBUG] Inserted key 333 at index 3 after 2 probe(s)
]]></system-out>
  </testcase>
  <testcase name="testChainingInsertionMetrics" classname="edu.jhu.algos.hashing.ProbingStrategyTest" time="0.001">
    <system-out><![CDATA[[DEBUG] Inserted key 11 into chain at index 0
[DEBUG] Inserted key 22 into chain at index 0
[DEBUG] Inserted key 33 into chain at index 0
]]></system-out>
  </testcase>
  <testcase name="testChainingInsertFailsOnNull" classname="edu.jhu.algos.hashing.ProbingStrategyTest" time="0.003">
    <system-err><![CDATA[Error: Chaining slot at index 2 is not initialized.
]]></system-err>
  </testcase>
  <testcase name="testLinearProbingInsertsCorrectly" classname="edu.jhu.algos.hashing.ProbingStrategyTest" time="0.003">
    <system-out><![CDATA[[DEBUG] Probing attempt 0 for key 222 → index 2
[DEBUG] Probing attempt 1 for key 222 → index 3
[DEBUG] Inserted key 222 at index 3 after 1 probe(s)
]]></system-out>
  </testcase>
  <testcase name="testQuadraticProbingParameterSweep" classname="edu.jhu.algos.hashing.ProbingStrategyTest" time="0.008">
    <system-out><![CDATA[c1         c2         Total Comparisons   
0.10       0.10       10                  
0.10       0.50       10                  
0.10       1.00       10                  
0.50       0.10       10                  
0.50       0.50       10                  
0.50       1.00       10                  
1.00       0.10       10                  
1.00       0.50       10                  
1.00       1.00       10                  
]]></system-out>
  </testcase>
  <testcase name="testProbingFailsWhenFull" classname="edu.jhu.algos.hashing.ProbingStrategyTest" time="0.002">
    <system-out><![CDATA[[DEBUG] Probing attempt 0 for key 999 → index 0
[DEBUG] Probing attempt 1 for key 999 → index 1
[DEBUG] Probing attempt 2 for key 999 → index 2
]]></system-out>
    <system-err><![CDATA[Error: Hash table is full. Could not insert key: 999
]]></system-err>
  </testcase>
  <testcase name="testQuadraticProbingInsertsCorrectly" classname="edu.jhu.algos.hashing.ProbingStrategyTest" time="0.003">
    <system-out><![CDATA[[DEBUG] Probing attempt 0 for key 2000 → index 3
[DEBUG] Probing attempt 1 for key 2000 → index 4
[DEBUG] Inserted key 2000 at index 4 after 1 probe(s)
]]></system-out>
  </testcase>
  <testcase name="testChainingInsertWorks" classname="edu.jhu.algos.hashing.ProbingStrategyTest" time="0.002">
    <system-out><![CDATA[[DEBUG] Inserted key 99 into chain at index 1
[DEBUG] Inserted key 88 into chain at index 1
]]></system-out>
  </testcase>
</testsuite>