<?xml version="1.0" encoding="UTF-8"?>
<testsuite xmlns:xsi="http://www.w3.org/2001/XMLSchema-instance" xsi:noNamespaceSchemaLocation="https://maven.apache.org/surefire/maven-surefire-plugin/xsd/surefire-test-report-3.0.xsd" version="3.0" name="edu.jhu.algos.io.OutputFormatterTest" time="0.055" tests="3" errors="0" skipped="0" failures="0">
  <properties>
[...]
</properties>
  <testcase name="testProbingOutput" classname="edu.jhu.algos.io.OutputFormatterTest" time="0.02">
    <system-out><![CDATA[original input:
5, 25, 45

scheme 1 (division) - modulo: 10, bucket size: 1, linear
# of primary collisions: 2, secondary collisions: 1, total collisions: 3
# of comparisons: 6, records inserted: 3, load factor: 0.300000

None    None    None    None    None    
5       25      45      None    None    

Execution Time: 0.000e+0 seconds
Memory Usage: 0.000e+00 bytes
Debug Output (Probing):
original input:
5, 25, 45

scheme 1 (division) - modulo: 10, bucket size: 1, linear
# of primary collisions: 2, secondary collisions: 1, total collisions: 3
# of comparisons: 6, records inserted: 3, load factor: 0.300000

None    None    None    None    None    
5       25      45      None    None    

Execution Time: 0.000e+0 seconds
Memory Usage: 0.000e+00 bytes

]]></system-out>
    <system-err><![CDATA[Warning: getElapsedTime() called before stopTimer(). Returning 0.
]]></system-err>
  </testcase>
  <testcase name="testNullInputHandling" classname="edu.jhu.algos.io.OutputFormatterTest" time="0.005">
    <system-err><![CDATA[Error: Null input passed to OutputFormatter.
  - table: null
  - keys: null
  - outputFile: ok
]]></system-err>
  </testcase>
  <testcase name="testChainingOutput" classname="edu.jhu.algos.io.OutputFormatterTest" time="0.013">
    <system-out><![CDATA[original input:
3, 13, 23

scheme 3 (division) - modulo: 10, bucket size: 1, chaining
# of collisions: 2
# of comparisons: 3, records inserted: 3, load factor: 0.300000

None                None                None                23 -> 13 -> 3 -> NoneNone                
None                None                None                None                None                

Execution Time: 0.000e+0 seconds
Memory Usage: 0.000e+00 bytes
Debug Output (Chaining):
original input:
3, 13, 23

scheme 3 (division) - modulo: 10, bucket size: 1, chaining
# of collisions: 2
# of comparisons: 3, records inserted: 3, load factor: 0.300000

None                None                None                23 -> 13 -> 3 -> NoneNone                
None                None                None                None                None                

Execution Time: 0.000e+0 seconds
Memory Usage: 0.000e+00 bytes

]]></system-out>
    <system-err><![CDATA[Warning: getElapsedTime() called before stopTimer(). Returning 0.
]]></system-err>
  </testcase>
</testsuite>