<?xml version="1.0" encoding="UTF-8"?>
<testsuite xmlns:xsi="http://www.w3.org/2001/XMLSchema-instance" xsi:noNamespaceSchemaLocation="https://maven.apache.org/surefire/maven-surefire-plugin/xsd/surefire-test-report-3.0.xsd" version="3.0" name="edu.jhu.algos.utils.PerformanceMetricsTest" time="0.143" tests="11" errors="0" skipped="0" failures="0">
  <properties>
[...]
</properties>
  <testcase name="testTimeTracking" classname="edu.jhu.algos.utils.PerformanceMetricsTest" time="0.052"/>
  <testcase name="testOperationCounters" classname="edu.jhu.algos.utils.PerformanceMetricsTest" time="0.001"/>
  <testcase name="testPrimaryAndSecondaryCollisions" classname="edu.jhu.algos.utils.PerformanceMetricsTest" time="0.0"/>
  <testcase name="testExtremeCounterValues" classname="edu.jhu.algos.utils.PerformanceMetricsTest" time="0.066"/>
  <testcase name="testMemoryTracking" classname="edu.jhu.algos.utils.PerformanceMetricsTest" time="0.004"/>
  <testcase name="testStopTimerWithoutStart" classname="edu.jhu.algos.utils.PerformanceMetricsTest" time="0.003"/>
  <testcase name="testResetAll" classname="edu.jhu.algos.utils.PerformanceMetricsTest" time="0.001">
    <system-err><![CDATA[Warning: getElapsedTime() called before stopTimer(). Returning 0.
]]></system-err>
  </testcase>
  <testcase name="testToStringSummaryOutput" classname="edu.jhu.algos.utils.PerformanceMetricsTest" time="0.001">
    <system-err><![CDATA[Warning: getElapsedTime() called before stopTimer(). Returning 0.
]]></system-err>
  </testcase>
  <testcase name="testLoadFactorCalculation" classname="edu.jhu.algos.utils.PerformanceMetricsTest" time="0.001"/>
  <testcase name="testZeroMemoryUsage" classname="edu.jhu.algos.utils.PerformanceMetricsTest" time="0.001"/>
  <testcase name="testZeroExecutionTime" classname="edu.jhu.algos.utils.PerformanceMetricsTest" time="0.001"/>
</testsuite>