<?xml version="1.0" encoding="UTF-8"?>
<testsuite xmlns:xsi="http://www.w3.org/2001/XMLSchema-instance" xsi:noNamespaceSchemaLocation="https://maven.apache.org/surefire/maven-surefire-plugin/xsd/surefire-test-report-3.0.xsd" version="3.0" name="edu.jhu.algos.io.HashFileHandlerTest" time="0.281" tests="8" errors="0" skipped="0" failures="0">
  <properties>
[...]
</properties>
  <testcase name="testFileWithBlankLines(Path)" classname="edu.jhu.algos.io.HashFileHandlerTest" time="0.077">
    <system-out><![CDATA[Reading file: /tmp/junit17092949391238671941/test_blank_lines.txt
Read key: 12501
Read key: 84763
Read key: 99999

Finished reading file. Total keys loaded: 3
]]></system-out>
  </testcase>
  <testcase name="testFileWithInvalidInputs(Path)" classname="edu.jhu.algos.io.HashFileHandlerTest" time="0.011">
    <system-out><![CDATA[Reading file: /tmp/junit3014474357789600431/test_invalid.txt
Read key: 12501
Read key: 84763
Read key: 99999

Finished reading file. Total keys loaded: 3
]]></system-out>
    <system-err><![CDATA[Warning: Skipping invalid input -> "abc" (Not a valid integer)
Warning: Skipping invalid input -> "55x5" (Not a valid integer)
]]></system-err>
  </testcase>
  <testcase name="testFileWithLeadingTrailingSpaces(Path)" classname="edu.jhu.algos.io.HashFileHandlerTest" time="0.004">
    <system-out><![CDATA[Reading file: /tmp/junit16773500404096164298/test_spaces.txt
Read key: 12501
Read key: 84763
Read key: 22599
Read key: 55555
Read key: 99999

Finished reading file. Total keys loaded: 5
]]></system-out>
  </testcase>
  <testcase name="testEmptyFile(Path)" classname="edu.jhu.algos.io.HashFileHandlerTest" time="0.005">
    <system-out><![CDATA[Reading file: /tmp/junit16776629497248134663/test_empty.txt

Finished reading file. Total keys loaded: 0
]]></system-out>
    <system-err><![CDATA[Warning: No valid keys found in file.
]]></system-err>
  </testcase>
  <testcase name="testValidFile(Path)" classname="edu.jhu.algos.io.HashFileHandlerTest" time="0.004">
    <system-out><![CDATA[Reading file: /tmp/junit9682532780435445797/test_valid.txt
Read key: 12501
Read key: 84763
Read key: 22599
Read key: 55555
Read key: 99999

Finished reading file. Total keys loaded: 5
]]></system-out>
  </testcase>
  <testcase name="testMinMaxIntegerValues(Path)" classname="edu.jhu.algos.io.HashFileHandlerTest" time="0.004">
    <system-out><![CDATA[Reading file: /tmp/junit9080886662677885152/test_int_bounds.txt
Read key: 2147483647
Read key: -2147483648

Finished reading file. Total keys loaded: 2
]]></system-out>
    <system-err><![CDATA[Warning: Skipping invalid input -> "abc" (Not a valid integer)
]]></system-err>
  </testcase>
  <testcase name="testLargeFile(Path)" classname="edu.jhu.algos.io.HashFileHandlerTest" time="0.145">
    <system-out><![CDATA[Reading file: /tmp/junit12306257739651378361/test_large.txt
Read key: 1
Read key: 2
Read key: 3
Read key: 4
Read key: 5
Read key: 6
Read key: 7
Read key: 8
Read key: 9
Read key: 10
Read key: 11
Read key: 12
Read key: 13
Read key: 14
Read key: 15
Read key: 16
Read key: 17
Read key: 18
Read key: 19
Read key: 20
Read key: 21
Read key: 22
Read key: 23
Read key: 24
Read key: 25
Read key: 26
Read key: 27
Read key: 28
Read key: 29
Read key: 30
Read key: 31
Read key: 32
Read key: 33
Read key: 34
Read key: 35
Read key: 36
Read key: 37
Read key: 38
Read key: 39
Read key: 40
Read key: 41
Read key: 42
Read key: 43
Read key: 44
Read key: 45
Read key: 46
Read key: 47
Read key: 48
Read key: 49
Read key: 50
Read key: 51
Read key: 52
Read key: 53
Read key: 54
Read key: 55
Read key: 56
Read key: 57
Read key: 58
Read key: 59
Read key: 60
Read key: 61
Read key: 62
Read key: 63
Read key: 64
Read key: 65
Read key: 66
Read key: 67
Read key: 68
Read key: 69
Read key: 70
Read key: 71
Read key: 72
Read key: 73
Read key: 74
Read key: 75
Read key: 76
Read key: 77
Read key: 78
Read key: 79
Read key: 80
Read key: 81
Read key: 82
Read key: 83
Read key: 84
Read key: 85
Read key: 86
Read key: 87
Read key: 88
Read key: 89
Read key: 90
Read key: 91
Read key: 92
Read key: 93
Read key: 94
Read key: 95
Read key: 96
Read key: 97
Read key: 98
Read key: 99
Read key: 100
Read key: 101
Read key: 102
Read key: 103
Read key: 104
Read key: 105
Read key: 106
Read key: 107
Read key: 108
Read key: 109
Read key: 110
Read key: 111
Read key: 112
Read key: 113
Read key: 114
Read key: 115
Read key: 116
Read key: 117
Read key: 118
Read key: 119
Read key: 120
Read key: 121
Read key: 122
Read key: 123
Read key: 124
Read key: 125
Read key: 126
Read key: 127
Read key: 128
Read key: 129
Read key: 130
Read key: 131
Read key: 132
Read key: 133
Read key: 134
Read key: 135
Read key: 136
Read key: 137
Read key: 138
Read key: 139
Read key: 140
Read key: 141
Read key: 142
Read key: 143
Read key: 144
Read key: 145
Read key: 146
Read key: 147
Read key: 148
Read key: 149
Read key: 150
Read key: 151
Read key: 152
Read key: 153
Read key: 154
Read key: 155
Read key: 156
Read key: 157
Read key: 158
Read key: 159
Read key: 160
Read key: 161
Read key: 162
Read key: 163
Read key: 164
Read key: 165
Read key: 166
Read key: 167
Read key: 168
Read key: 169
Read key: 170
Read key: 171
Read key: 172
Read key: 173
Read key: 174
Read key: 175
Read key: 176
Read key: 177
Read key: 178
Read key: 179
Read key: 180
Read key: 181
Read key: 182
Read key: 183
Read key: 184
Read key: 185
Read key: 186
Read key: 187
Read key: 188
Read key: 189
Read key: 190
Read key: 191
Read key: 192
Read key: 193
Read key: 194
Read key: 195
Read key: 196
Read key: 197
Read key: 198
Read key: 199
Read key: 200
Read key: 201
Read key: 202
Read key: 203
Read key: 204
Read key: 205
Read key: 206
Read key: 207
Read key: 208
Read key: 209
Read key: 210
Read key: 211
Read key: 212
Read key: 213
Read key: 214
Read key: 215
Read key: 216
Read key: 217
Read key: 218
Read key: 219
Read key: 220
Read key: 221
Read key: 222
Read key: 223
Read key: 224
Read key: 225
Read key: 226
Read key: 227
Read key: 228
Read key: 229
Read key: 230
Read key: 231
Read key: 232
Read key: 233
Read key: 234
Read key: 235
Read key: 236
Read key: 237
Read key: 238
Read key: 239
Read key: 240
Read key: 241
Read key: 242
Read key: 243
Read key: 244
Read key: 245
Read key: 246
Read key: 247
Read key: 248
Read key: 249
Read key: 250
Read key: 251
Read key: 252
Read key: 253
Read key: 254
Read key: 255
Read key: 256
Read key: 257
Read key: 258
Read key: 259
Read key: 260
Read key: 261
Read key: 262
Read key: 263
Read key: 264
Read key: 265
Read key: 266
Read key: 267
Read key: 268
Read key: 269
Read key: 270
Read key: 271
Read key: 272
Read key: 273
Read key: 274
Read key: 275
Read key: 276
Read key: 277
Read key: 278
Read key: 279
Read key: 280
Read key: 281
Read key: 282
Read key: 283
Read key: 284
Read key: 285
Read key: 286
Read key: 287
Read key: 288
Read key: 289
Read key: 290
Read key: 291
Read key: 292
Read key: 293
Read key: 294
Read key: 295
Read key: 296
Read key: 297
Read key: 298
Read key: 299
Read key: 300
Read key: 301
Read key: 302
Read key: 303
Read key: 304
Read key: 305
Read key: 306
Read key: 307
Read key: 308
Read key: 309
Read key: 310
Read key: 311
Read key: 312
Read key: 313
Read key: 314
Read key: 315
Read key: 316
Read key: 317
Read key: 318
Read key: 319
Read key: 320
Read key: 321
Read key: 322
Read key: 323
Read key: 324
Read key: 325
Read key: 326
Read key: 327
Read key: 328
Read key: 329
Read key: 330
Read key: 331
Read key: 332
Read key: 333
Read key: 334
Read key: 335
Read key: 336
Read key: 337
Read key: 338
Read key: 339
Read key: 340
Read key: 341
Read key: 342
Read key: 343
Read key: 344
Read key: 345
Read key: 346
Read key: 347
Read key: 348
Read key: 349
Read key: 350
Read key: 351
Read key: 352
Read key: 353
Read key: 354
Read key: 355
Read key: 356
Read key: 357
Read key: 358
Read key: 359
Read key: 360
Read key: 361
Read key: 362
Read key: 363
Read key: 364
Read key: 365
Read key: 366
Read key: 367
Read key: 368
Read key: 369
Read key: 370
Read key: 371
Read key: 372
Read key: 373
Read key: 374
Read key: 375
Read key: 376
Read key: 377
Read key: 378
Read key: 379
Read key: 380
Read key: 381
Read key: 382
Read key: 383
Read key: 384
Read key: 385
Read key: 386
Read key: 387
Read key: 388
Read key: 389
Read key: 390
Read key: 391
Read key: 392
Read key: 393
Read key: 394
Read key: 395
Read key: 396
Read key: 397
Read key: 398
Read key: 399
Read key: 400
Read key: 401
Read key: 402
Read key: 403
Read key: 404
Read key: 405
Read key: 406
Read key: 407
Read key: 408
Read key: 409
Read key: 410
Read key: 411
Read key: 412
Read key: 413
Read key: 414
Read key: 415
Read key: 416
Read key: 417
Read key: 418
Read key: 419
Read key: 420
Read key: 421
Read key: 422
Read key: 423
Read key: 424
Read key: 425
Read key: 426
Read key: 427
Read key: 428
Read key: 429
Read key: 430
Read key: 431
Read key: 432
Read key: 433
Read key: 434
Read key: 435
Read key: 436
Read key: 437
Read key: 438
Read key: 439
Read key: 440
Read key: 441
Read key: 442
Read key: 443
Read key: 444
Read key: 445
Read key: 446
Read key: 447
Read key: 448
Read key: 449
Read key: 450
Read key: 451
Read key: 452
Read key: 453
Read key: 454
Read key: 455
Read key: 456
Read key: 457
Read key: 458
Read key: 459
Read key: 460
Read key: 461
Read key: 462
Read key: 463
Read key: 464
Read key: 465
Read key: 466
Read key: 467
Read key: 468
Read key: 469
Read key: 470
Read key: 471
Read key: 472
Read key: 473
Read key: 474
Read key: 475
Read key: 476
Read key: 477
Read key: 478
Read key: 479
Read key: 480
Read key: 481
Read key: 482
Read key: 483
Read key: 484
Read key: 485
Read key: 486
Read key: 487
Read key: 488
Read key: 489
Read key: 490
Read key: 491
Read key: 492
Read key: 493
Read key: 494
Read key: 495
Read key: 496
Read key: 497
Read key: 498
Read key: 499
Read key: 500
Read key: 501
Read key: 502
Read key: 503
Read key: 504
Read key: 505
Read key: 506
Read key: 507
Read key: 508
Read key: 509
Read key: 510
Read key: 511
Read key: 512
Read key: 513
Read key: 514
Read key: 515
Read key: 516
Read key: 517
Read key: 518
Read key: 519
Read key: 520
Read key: 521
Read key: 522
Read key: 523
Read key: 524
Read key: 525
Read key: 526
Read key: 527
Read key: 528
Read key: 529
Read key: 530
Read key: 531
Read key: 532
Read key: 533
Read key: 534
Read key: 535
Read key: 536
Read key: 537
Read key: 538
Read key: 539
Read key: 540
Read key: 541
Read key: 542
Read key: 543
Read key: 544
Read key: 545
Read key: 546
Read key: 547
Read key: 548
Read key: 549
Read key: 550
Read key: 551
Read key: 552
Read key: 553
Read key: 554
Read key: 555
Read key: 556
Read key: 557
Read key: 558
Read key: 559
Read key: 560
Read key: 561
Read key: 562
Read key: 563
Read key: 564
Read key: 565
Read key: 566
Read key: 567
Read key: 568
Read key: 569
Read key: 570
Read key: 571
Read key: 572
Read key: 573
Read key: 574
Read key: 575
Read key: 576
Read key: 577
Read key: 578
Read key: 579
Read key: 580
Read key: 581
Read key: 582
Read key: 583
Read key: 584
Read key: 585
Read key: 586
Read key: 587
Read key: 588
Read key: 589
Read key: 590
Read key: 591
Read key: 592
Read key: 593
Read key: 594
Read key: 595
Read key: 596
Read key: 597
Read key: 598
Read key: 599
Read key: 600
Read key: 601
Read key: 602
Read key: 603
Read key: 604
Read key: 605
Read key: 606
Read key: 607
Read key: 608
Read key: 609
Read key: 610
Read key: 611
Read key: 612
Read key: 613
Read key: 614
Read key: 615
Read key: 616
Read key: 617
Read key: 618
Read key: 619
Read key: 620
Read key: 621
Read key: 622
Read key: 623
Read key: 624
Read key: 625
Read key: 626
Read key: 627
Read key: 628
Read key: 629
Read key: 630
Read key: 631
Read key: 632
Read key: 633
Read key: 634
Read key: 635
Read key: 636
Read key: 637
Read key: 638
Read key: 639
Read key: 640
Read key: 641
Read key: 642
Read key: 643
Read key: 644
Read key: 645
Read key: 646
Read key: 647
Read key: 648
Read key: 649
Read key: 650
Read key: 651
Read key: 652
Read key: 653
Read key: 654
Read key: 655
Read key: 656
Read key: 657
Read key: 658
Read key: 659
Read key: 660
Read key: 661
Read key: 662
Read key: 663
Read key: 664
Read key: 665
Read key: 666
Read key: 667
Read key: 668
Read key: 669
Read key: 670
Read key: 671
Read key: 672
Read key: 673
Read key: 674
Read key: 675
Read key: 676
Read key: 677
Read key: 678
Read key: 679
Read key: 680
Read key: 681
Read key: 682
Read key: 683
Read key: 684
Read key: 685
Read key: 686
Read key: 687
Read key: 688
Read key: 689
Read key: 690
Read key: 691
Read key: 692
Read key: 693
Read key: 694
Read key: 695
Read key: 696
Read key: 697
Read key: 698
Read key: 699
Read key: 700
Read key: 701
Read key: 702
Read key: 703
Read key: 704
Read key: 705
Read key: 706
Read key: 707
Read key: 708
Read key: 709
Read key: 710
Read key: 711
Read key: 712
Read key: 713
Read key: 714
Read key: 715
Read key: 716
Read key: 717
Read key: 718
Read key: 719
Read key: 720
Read key: 721
Read key: 722
Read key: 723
Read key: 724
Read key: 725
Read key: 726
Read key: 727
Read key: 728
Read key: 729
Read key: 730
Read key: 731
Read key: 732
Read key: 733
Read key: 734
Read key: 735
Read key: 736
Read key: 737
Read key: 738
Read key: 739
Read key: 740
Read key: 741
Read key: 742
Read key: 743
Read key: 744
Read key: 745
Read key: 746
Read key: 747
Read key: 748
Read key: 749
Read key: 750
Read key: 751
Read key: 752
Read key: 753
Read key: 754
Read key: 755
Read key: 756
Read key: 757
Read key: 758
Read key: 759
Read key: 760
Read key: 761
Read key: 762
Read key: 763
Read key: 764
Read key: 765
Read key: 766
Read key: 767
Read key: 768
Read key: 769
Read key: 770
Read key: 771
Read key: 772
Read key: 773
Read key: 774
Read key: 775
Read key: 776
Read key: 777
Read key: 778
Read key: 779
Read key: 780
Read key: 781
Read key: 782
Read key: 783
Read key: 784
Read key: 785
Read key: 786
Read key: 787
Read key: 788
Read key: 789
Read key: 790
Read key: 791
Read key: 792
Read key: 793
Read key: 794
Read key: 795
Read key: 796
Read key: 797
Read key: 798
Read key: 799
Read key: 800
Read key: 801
Read key: 802
Read key: 803
Read key: 804
Read key: 805
Read key: 806
Read key: 807
Read key: 808
Read key: 809
Read key: 810
Read key: 811
Read key: 812
Read key: 813
Read key: 814
Read key: 815
Read key: 816
Read key: 817
Read key: 818
Read key: 819
Read key: 820
Read key: 821
Read key: 822
Read key: 823
Read key: 824
Read key: 825
Read key: 826
Read key: 827
Read key: 828
Read key: 829
Read key: 830
Read key: 831
Read key: 832
Read key: 833
Read key: 834
Read key: 835
Read key: 836
Read key: 837
Read key: 838
Read key: 839
Read key: 840
Read key: 841
Read key: 842
Read key: 843
Read key: 844
Read key: 845
Read key: 846
Read key: 847
Read key: 848
Read key: 849
Read key: 850
Read key: 851
Read key: 852
Read key: 853
Read key: 854
Read key: 855
Read key: 856
Read key: 857
Read key: 858
Read key: 859
Read key: 860
Read key: 861
Read key: 862
Read key: 863
Read key: 864
Read key: 865
Read key: 866
Read key: 867
Read key: 868
Read key: 869
Read key: 870
Read key: 871
Read key: 872
Read key: 873
Read key: 874
Read key: 875
Read key: 876
Read key: 877
Read key: 878
Read key: 879
Read key: 880
Read key: 881
Read key: 882
Read key: 883
Read key: 884
Read key: 885
Read key: 886
Read key: 887
Read key: 888
Read key: 889
Read key: 890
Read key: 891
Read key: 892
Read key: 893
Read key: 894
Read key: 895
Read key: 896
Read key: 897
Read key: 898
Read key: 899
Read key: 900
Read key: 901
Read key: 902
Read key: 903
Read key: 904
Read key: 905
Read key: 906
Read key: 907
Read key: 908
Read key: 909
Read key: 910
Read key: 911
Read key: 912
Read key: 913
Read key: 914
Read key: 915
Read key: 916
Read key: 917
Read key: 918
Read key: 919
Read key: 920
Read key: 921
Read key: 922
Read key: 923
Read key: 924
Read key: 925
Read key: 926
Read key: 927
Read key: 928
Read key: 929
Read key: 930
Read key: 931
Read key: 932
Read key: 933
Read key: 934
Read key: 935
Read key: 936
Read key: 937
Read key: 938
Read key: 939
Read key: 940
Read key: 941
Read key: 942
Read key: 943
Read key: 944
Read key: 945
Read key: 946
Read key: 947
Read key: 948
Read key: 949
Read key: 950
Read key: 951
Read key: 952
Read key: 953
Read key: 954
Read key: 955
Read key: 956
Read key: 957
Read key: 958
Read key: 959
Read key: 960
Read key: 961
Read key: 962
Read key: 963
Read key: 964
Read key: 965
Read key: 966
Read key: 967
Read key: 968
Read key: 969
Read key: 970
Read key: 971
Read key: 972
Read key: 973
Read key: 974
Read key: 975
Read key: 976
Read key: 977
Read key: 978
Read key: 979
Read key: 980
Read key: 981
Read key: 982
Read key: 983
Read key: 984
Read key: 985
Read key: 986
Read key: 987
Read key: 988
Read key: 989
Read key: 990
Read key: 991
Read key: 992
Read key: 993
Read key: 994
Read key: 995
Read key: 996
Read key: 997
Read key: 998
Read key: 999
Read key: 1000
Read key: 1001
Read key: 1002
Read key: 1003
Read key: 1004
Read key: 1005
Read key: 1006
Read key: 1007
Read key: 1008
Read key: 1009
Read key: 1010
Read key: 1011
Read key: 1012
Read key: 1013
Read key: 1014
Read key: 1015
Read key: 1016
Read key: 1017
Read key: 1018
Read key: 1019
Read key: 1020
Read key: 1021
Read key: 1022
Read key: 1023
Read key: 1024
Read key: 1025
Read key: 1026
Read key: 1027
Read key: 1028
Read key: 1029
Read key: 1030
Read key: 1031
Read key: 1032
Read key: 1033
Read key: 1034
Read key: 1035
Read key: 1036
Read key: 1037
Read key: 1038
Read key: 1039
Read key: 1040
Read key: 1041
Read key: 1042
Read key: 1043
Read key: 1044
Read key: 1045
Read key: 1046
Read key: 1047
Read key: 1048
Read key: 1049
Read key: 1050
Read key: 1051
Read key: 1052
Read key: 1053
Read key: 1054
Read key: 1055
Read key: 1056
Read key: 1057
Read key: 1058
Read key: 1059
Read key: 1060
Read key: 1061
Read key: 1062
Read key: 1063
Read key: 1064
Read key: 1065
Read key: 1066
Read key: 1067
Read key: 1068
Read key: 1069
Read key: 1070
Read key: 1071
Read key: 1072
Read key: 1073
Read key: 1074
Read key: 1075
Read key: 1076
Read key: 1077
Read key: 1078
Read key: 1079
Read key: 1080
Read key: 1081
Read key: 1082
Read key: 1083
Read key: 1084
Read key: 1085
Read key: 1086
Read key: 1087
Read key: 1088
Read key: 1089
Read key: 1090
Read key: 1091
Read key: 1092
Read key: 1093
Read key: 1094
Read key: 1095
Read key: 1096
Read key: 1097
Read key: 1098
Read key: 1099
Read key: 1100
Read key: 1101
Read key: 1102
Read key: 1103
Read key: 1104
Read key: 1105
Read key: 1106
Read key: 1107
Read key: 1108
Read key: 1109
Read key: 1110
Read key: 1111
Read key: 1112
Read key: 1113
Read key: 1114
Read key: 1115
Read key: 1116
Read key: 1117
Read key: 1118
Read key: 1119
Read key: 1120
Read key: 1121
Read key: 1122
Read key: 1123
Read key: 1124
Read key: 1125
Read key: 1126
Read key: 1127
Read key: 1128
Read key: 1129
Read key: 1130
Read key: 1131
Read key: 1132
Read key: 1133
Read key: 1134
Read key: 1135
Read key: 1136
Read key: 1137
Read key: 1138
Read key: 1139
Read key: 1140
Read key: 1141
Read key: 1142
Read key: 1143
Read key: 1144
Read key: 1145
Read key: 1146
Read key: 1147
Read key: 1148
Read key: 1149
Read key: 1150
Read key: 1151
Read key: 1152
Read key: 1153
Read key: 1154
Read key: 1155
Read key: 1156
Read key: 1157
Read key: 1158
Read key: 1159
Read key: 1160
Read key: 1161
Read key: 1162
Read key: 1163
Read key: 1164
Read key: 1165
Read key: 1166
Read key: 1167
Read key: 1168
Read key: 1169
Read key: 1170
Read key: 1171
Read key: 1172
Read key: 1173
Read key: 1174
Read key: 1175
Read key: 1176
Read key: 1177
Read key: 1178
Read key: 1179
Read key: 1180
Read key: 1181
Read key: 1182
Read key: 1183
Read key: 1184
Read key: 1185
Read key: 1186
Read key: 1187
Read key: 1188
Read key: 1189
Read key: 1190
Read key: 1191
Read key: 1192
Read key: 1193
Read key: 1194
Read key: 1195
Read key: 1196
Read key: 1197
Read key: 1198
Read key: 1199
Read key: 1200
Read key: 1201
Read key: 1202
Read key: 1203
Read key: 1204
Read key: 1205
Read key: 1206
Read key: 1207
Read key: 1208
Read key: 1209
Read key: 1210
Read key: 1211
Read key: 1212
Read key: 1213
Read key: 1214
Read key: 1215
Read key: 1216
Read key: 1217
Read key: 1218
Read key: 1219
Read key: 1220
Read key: 1221
Read key: 1222
Read key: 1223
Read key: 1224
Read key: 1225
Read key: 1226
Read key: 1227
Read key: 1228
Read key: 1229
Read key: 1230
Read key: 1231
Read key: 1232
Read key: 1233
Read key: 1234
Read key: 1235
Read key: 1236
Read key: 1237
Read key: 1238
Read key: 1239
Read key: 1240
Read key: 1241
Read key: 1242
Read key: 1243
Read key: 1244
Read key: 1245
Read key: 1246
Read key: 1247
Read key: 1248
Read key: 1249
Read key: 1250
Read key: 1251
Read key: 1252
Read key: 1253
Read key: 1254
Read key: 1255
Read key: 1256
Read key: 1257
Read key: 1258
Read key: 1259
Read key: 1260
Read key: 1261
Read key: 1262
Read key: 1263
Read key: 1264
Read key: 1265
Read key: 1266
Read key: 1267
Read key: 1268
Read key: 1269
Read key: 1270
Read key: 1271
Read key: 1272
Read key: 1273
Read key: 1274
Read key: 1275
Read key: 1276
Read key: 1277
Read key: 1278
Read key: 1279
Read key: 1280
Read key: 1281
Read key: 1282
Read key: 1283
Read key: 1284
Read key: 1285
Read key: 1286
Read key: 1287
Read key: 1288
Read key: 1289
Read key: 1290
Read key: 1291
Read key: 1292
Read key: 1293
Read key: 1294
Read key: 1295
Read key: 1296
Read key: 1297
Read key: 1298
Read key: 1299
Read key: 1300
Read key: 1301
Read key: 1302
Read key: 1303
Read key: 1304
Read key: 1305
Read key: 1306
Read key: 1307
Read key: 1308
Read key: 1309
Read key: 1310
Read key: 1311
Read key: 1312
Read key: 1313
Read key: 1314
Read key: 1315
Read key: 1316
Read key: 1317
Read key: 1318
Read key: 1319
Read key: 1320
Read key: 1321
Read key: 1322
Read key: 1323
Read key: 1324
Read key: 1325
Read key: 1326
Read key: 1327
Read key: 1328
Read key: 1329
Read key: 1330
Read key: 1331
Read key: 1332
Read key: 1333
Read key: 1334
Read key: 1335
Read key: 1336
Read key: 1337
Read key: 1338
Read key: 1339
Read key: 1340
Read key: 1341
Read key: 1342
Read key: 1343
Read key: 1344
Read key: 1345
Read key: 1346
Read key: 1347
Read key: 1348
Read key: 1349
Read key: 1350
Read key: 1351
Read key: 1352
Read key: 1353
Read key: 1354
Read key: 1355
Read key: 1356
Read key: 1357
Read key: 1358
Read key: 1359
Read key: 1360
Read key: 1361
Read key: 1362
Read key: 1363
Read key: 1364
Read key: 1365
Read key: 1366
Read key: 1367
Read key: 1368
Read key: 1369
Read key: 1370
Read key: 1371
Read key: 1372
Read key: 1373
Read key: 1374
Read key: 1375
Read key: 1376
Read key: 1377
Read key: 1378
Read key: 1379
Read key: 1380
Read key: 1381
Read key: 1382
Read key: 1383
Read key: 1384
Read key: 1385
Read key: 1386
Read key: 1387
Read key: 1388
Read key: 1389
Read key: 1390
Read key: 1391
Read key: 1392
Read key: 1393
Read key: 1394
Read key: 1395
Read key: 1396
Read key: 1397
Read key: 1398
Read key: 1399
Read key: 1400
Read key: 1401
Read key: 1402
Read key: 1403
Read key: 1404
Read key: 1405
Read key: 1406
Read key: 1407
Read key: 1408
Read key: 1409
Read key: 1410
Read key: 1411
Read key: 1412
Read key: 1413
Read key: 1414
Read key: 1415
Read key: 1416
Read key: 1417
Read key: 1418
Read key: 1419
Read key: 1420
Read key: 1421
Read key: 1422
Read key: 1423
Read key: 1424
Read key: 1425
Read key: 1426
Read key: 1427
Read key: 1428
Read key: 1429
Read key: 1430
Read key: 1431
Read key: 1432
Read key: 1433
Read key: 1434
Read key: 1435
Read key: 1436
Read key: 1437
Read key: 1438
Read key: 1439
Read key: 1440
Read key: 1441
Read key: 1442
Read key: 1443
Read key: 1444
Read key: 1445
Read key: 1446
Read key: 1447
Read key: 1448
Read key: 1449
Read key: 1450
Read key: 1451
Read key: 1452
Read key: 1453
Read key: 1454
Read key: 1455
Read key: 1456
Read key: 1457
Read key: 1458
Read key: 1459
Read key: 1460
Read key: 1461
Read key: 1462
Read key: 1463
Read key: 1464
Read key: 1465
Read key: 1466
Read key: 1467
Read key: 1468
Read key: 1469
Read key: 1470
Read key: 1471
Read key: 1472
Read key: 1473
Read key: 1474
Read key: 1475
Read key: 1476
Read key: 1477
Read key: 1478
Read key: 1479
Read key: 1480
Read key: 1481
Read key: 1482
Read key: 1483
Read key: 1484
Read key: 1485
Read key: 1486
Read key: 1487
Read key: 1488
Read key: 1489
Read key: 1490
Read key: 1491
Read key: 1492
Read key: 1493
Read key: 1494
Read key: 1495
Read key: 1496
Read key: 1497
Read key: 1498
Read key: 1499
Read key: 1500
Read key: 1501
Read key: 1502
Read key: 1503
Read key: 1504
Read key: 1505
Read key: 1506
Read key: 1507
Read key: 1508
Read key: 1509
Read key: 1510
Read key: 1511
Read key: 1512
Read key: 1513
Read key: 1514
Read key: 1515
Read key: 1516
Read key: 1517
Read key: 1518
Read key: 1519
Read key: 1520
Read key: 1521
Read key: 1522
Read key: 1523
Read key: 1524
Read key: 1525
Read key: 1526
Read key: 1527
Read key: 1528
Read key: 1529
Read key: 1530
Read key: 1531
Read key: 1532
Read key: 1533
Read key: 1534
Read key: 1535
Read key: 1536
Read key: 1537
Read key: 1538
Read key: 1539
Read key: 1540
Read key: 1541
Read key: 1542
Read key: 1543
Read key: 1544
Read key: 1545
Read key: 1546
Read key: 1547
Read key: 1548
Read key: 1549
Read key: 1550
Read key: 1551
Read key: 1552
Read key: 1553
Read key: 1554
Read key: 1555
Read key: 1556
Read key: 1557
Read key: 1558
Read key: 1559
Read key: 1560
Read key: 1561
Read key: 1562
Read key: 1563
Read key: 1564
Read key: 1565
Read key: 1566
Read key: 1567
Read key: 1568
Read key: 1569
Read key: 1570
Read key: 1571
Read key: 1572
Read key: 1573
Read key: 1574
Read key: 1575
Read key: 1576
Read key: 1577
Read key: 1578
Read key: 1579
Read key: 1580
Read key: 1581
Read key: 1582
Read key: 1583
Read key: 1584
Read key: 1585
Read key: 1586
Read key: 1587
Read key: 1588
Read key: 1589
Read key: 1590
Read key: 1591
Read key: 1592
Read key: 1593
Read key: 1594
Read key: 1595
Read key: 1596
Read key: 1597
Read key: 1598
Read key: 1599
Read key: 1600
Read key: 1601
Read key: 1602
Read key: 1603
Read key: 1604
Read key: 1605
Read key: 1606
Read key: 1607
Read key: 1608
Read key: 1609
Read key: 1610
Read key: 1611
Read key: 1612
Read key: 1613
Read key: 1614
Read key: 1615
Read key: 1616
Read key: 1617
Read key: 1618
Read key: 1619
Read key: 1620
Read key: 1621
Read key: 1622
Read key: 1623
Read key: 1624
Read key: 1625
Read key: 1626
Read key: 1627
Read key: 1628
Read key: 1629
Read key: 1630
Read key: 1631
Read key: 1632
Read key: 1633
Read key: 1634
Read key: 1635
Read key: 1636
Read key: 1637
Read key: 1638
Read key: 1639
Read key: 1640
Read key: 1641
Read key: 1642
Read key: 1643
Read key: 1644
Read key: 1645
Read key: 1646
Read key: 1647
Read key: 1648
Read key: 1649
Read key: 1650
Read key: 1651
Read key: 1652
Read key: 1653
Read key: 1654
Read key: 1655
Read key: 1656
Read key: 1657
Read key: 1658
Read key: 1659
Read key: 1660
Read key: 1661
Read key: 1662
Read key: 1663
Read key: 1664
Read key: 1665
Read key: 1666
Read key: 1667
Read key: 1668
Read key: 1669
Read key: 1670
Read key: 1671
Read key: 1672
Read key: 1673
Read key: 1674
Read key: 1675
Read key: 1676
Read key: 1677
Read key: 1678
Read key: 1679
Read key: 1680
Read key: 1681
Read key: 1682
Read key: 1683
Read key: 1684
Read key: 1685
Read key: 1686
Read key: 1687
Read key: 1688
Read key: 1689
Read key: 1690
Read key: 1691
Read key: 1692
Read key: 1693
Read key: 1694
Read key: 1695
Read key: 1696
Read key: 1697
Read key: 1698
Read key: 1699
Read key: 1700
Read key: 1701
Read key: 1702
Read key: 1703
Read key: 1704
Read key: 1705
Read key: 1706
Read key: 1707
Read key: 1708
Read key: 1709
Read key: 1710
Read key: 1711
Read key: 1712
Read key: 1713
Read key: 1714
Read key: 1715
Read key: 1716
Read key: 1717
Read key: 1718
Read key: 1719
Read key: 1720
Read key: 1721
Read key: 1722
Read key: 1723
Read key: 1724
Read key: 1725
Read key: 1726
Read key: 1727
Read key: 1728
Read key: 1729
Read key: 1730
Read key: 1731
Read key: 1732
Read key: 1733
Read key: 1734
Read key: 1735
Read key: 1736
Read key: 1737
Read key: 1738
Read key: 1739
Read key: 1740
Read key: 1741
Read key: 1742
Read key: 1743
Read key: 1744
Read key: 1745
Read key: 1746
Read key: 1747
Read key: 1748
Read key: 1749
Read key: 1750
Read key: 1751
Read key: 1752
Read key: 1753
Read key: 1754
Read key: 1755
Read key: 1756
Read key: 1757
Read key: 1758
Read key: 1759
Read key: 1760
Read key: 1761
Read key: 1762
Read key: 1763
Read key: 1764
Read key: 1765
Read key: 1766
Read key: 1767
Read key: 1768
Read key: 1769
Read key: 1770
Read key: 1771
Read key: 1772
Read key: 1773
Read key: 1774
Read key: 1775
Read key: 1776
Read key: 1777
Read key: 1778
Read key: 1779
Read key: 1780
Read key: 1781
Read key: 1782
Read key: 1783
Read key: 1784
Read key: 1785
Read key: 1786
Read key: 1787
Read key: 1788
Read key: 1789
Read key: 1790
Read key: 1791
Read key: 1792
Read key: 1793
Read key: 1794
Read key: 1795
Read key: 1796
Read key: 1797
Read key: 1798
Read key: 1799
Read key: 1800
Read key: 1801
Read key: 1802
Read key: 1803
Read key: 1804
Read key: 1805
Read key: 1806
Read key: 1807
Read key: 1808
Read key: 1809
Read key: 1810
Read key: 1811
Read key: 1812
Read key: 1813
Read key: 1814
Read key: 1815
Read key: 1816
Read key: 1817
Read key: 1818
Read key: 1819
Read key: 1820
Read key: 1821
Read key: 1822
Read key: 1823
Read key: 1824
Read key: 1825
Read key: 1826
Read key: 1827
Read key: 1828
Read key: 1829
Read key: 1830
Read key: 1831
Read key: 1832
Read key: 1833
Read key: 1834
Read key: 1835
Read key: 1836
Read key: 1837
Read key: 1838
Read key: 1839
Read key: 1840
Read key: 1841
Read key: 1842
Read key: 1843
Read key: 1844
Read key: 1845
Read key: 1846
Read key: 1847
Read key: 1848
Read key: 1849
Read key: 1850
Read key: 1851
Read key: 1852
Read key: 1853
Read key: 1854
Read key: 1855
Read key: 1856
Read key: 1857
Read key: 1858
Read key: 1859
Read key: 1860
Read key: 1861
Read key: 1862
Read key: 1863
Read key: 1864
Read key: 1865
Read key: 1866
Read key: 1867
Read key: 1868
Read key: 1869
Read key: 1870
Read key: 1871
Read key: 1872
Read key: 1873
Read key: 1874
Read key: 1875
Read key: 1876
Read key: 1877
Read key: 1878
Read key: 1879
Read key: 1880
Read key: 1881
Read key: 1882
Read key: 1883
Read key: 1884
Read key: 1885
Read key: 1886
Read key: 1887
Read key: 1888
Read key: 1889
Read key: 1890
Read key: 1891
Read key: 1892
Read key: 1893
Read key: 1894
Read key: 1895
Read key: 1896
Read key: 1897
Read key: 1898
Read key: 1899
Read key: 1900
Read key: 1901
Read key: 1902
Read key: 1903
Read key: 1904
Read key: 1905
Read key: 1906
Read key: 1907
Read key: 1908
Read key: 1909
Read key: 1910
Read key: 1911
Read key: 1912
Read key: 1913
Read key: 1914
Read key: 1915
Read key: 1916
Read key: 1917
Read key: 1918
Read key: 1919
Read key: 1920
Read key: 1921
Read key: 1922
Read key: 1923
Read key: 1924
Read key: 1925
Read key: 1926
Read key: 1927
Read key: 1928
Read key: 1929
Read key: 1930
Read key: 1931
Read key: 1932
Read key: 1933
Read key: 1934
Read key: 1935
Read key: 1936
Read key: 1937
Read key: 1938
Read key: 1939
Read key: 1940
Read key: 1941
Read key: 1942
Read key: 1943
Read key: 1944
Read key: 1945
Read key: 1946
Read key: 1947
Read key: 1948
Read key: 1949
Read key: 1950
Read key: 1951
Read key: 1952
Read key: 1953
Read key: 1954
Read key: 1955
Read key: 1956
Read key: 1957
Read key: 1958
Read key: 1959
Read key: 1960
Read key: 1961
Read key: 1962
Read key: 1963
Read key: 1964
Read key: 1965
Read key: 1966
Read key: 1967
Read key: 1968
Read key: 1969
Read key: 1970
Read key: 1971
Read key: 1972
Read key: 1973
Read key: 1974
Read key: 1975
Read key: 1976
Read key: 1977
Read key: 1978
Read key: 1979
Read key: 1980
Read key: 1981
Read key: 1982
Read key: 1983
Read key: 1984
Read key: 1985
Read key: 1986
Read key: 1987
Read key: 1988
Read key: 1989
Read key: 1990
Read key: 1991
Read key: 1992
Read key: 1993
Read key: 1994
Read key: 1995
Read key: 1996
Read key: 1997
Read key: 1998
Read key: 1999
Read key: 2000
Read key: 2001
Read key: 2002
Read key: 2003
Read key: 2004
Read key: 2005
Read key: 2006
Read key: 2007
Read key: 2008
Read key: 2009
Read key: 2010
Read key: 2011
Read key: 2012
Read key: 2013
Read key: 2014
Read key: 2015
Read key: 2016
Read key: 2017
Read key: 2018
Read key: 2019
Read key: 2020
Read key: 2021
Read key: 2022
Read key: 2023
Read key: 2024
Read key: 2025
Read key: 2026
Read key: 2027
Read key: 2028
Read key: 2029
Read key: 2030
Read key: 2031
Read key: 2032
Read key: 2033
Read key: 2034
Read key: 2035
Read key: 2036
Read key: 2037
Read key: 2038
Read key: 2039
Read key: 2040
Read key: 2041
Read key: 2042
Read key: 2043
Read key: 2044
Read key: 2045
Read key: 2046
Read key: 2047
Read key: 2048
Read key: 2049
Read key: 2050
Read key: 2051
Read key: 2052
Read key: 2053
Read key: 2054
Read key: 2055
Read key: 2056
Read key: 2057
Read key: 2058
Read key: 2059
Read key: 2060
Read key: 2061
Read key: 2062
Read key: 2063
Read key: 2064
Read key: 2065
Read key: 2066
Read key: 2067
Read key: 2068
Read key: 2069
Read key: 2070
Read key: 2071
Read key: 2072
Read key: 2073
Read key: 2074
Read key: 2075
Read key: 2076
Read key: 2077
Read key: 2078
Read key: 2079
Read key: 2080
Read key: 2081
Read key: 2082
Read key: 2083
Read key: 2084
Read key: 2085
Read key: 2086
Read key: 2087
Read key: 2088
Read key: 2089
Read key: 2090
Read key: 2091
Read key: 2092
Read key: 2093
Read key: 2094
Read key: 2095
Read key: 2096
Read key: 2097
Read key: 2098
Read key: 2099
Read key: 2100
Read key: 2101
Read key: 2102
Read key: 2103
Read key: 2104
Read key: 2105
Read key: 2106
Read key: 2107
Read key: 2108
Read key: 2109
Read key: 2110
Read key: 2111
Read key: 2112
Read key: 2113
Read key: 2114
Read key: 2115
Read key: 2116
Read key: 2117
Read key: 2118
Read key: 2119
Read key: 2120
Read key: 2121
Read key: 2122
Read key: 2123
Read key: 2124
Read key: 2125
Read key: 2126
Read key: 2127
Read key: 2128
Read key: 2129
Read key: 2130
Read key: 2131
Read key: 2132
Read key: 2133
Read key: 2134
Read key: 2135
Read key: 2136
Read key: 2137
Read key: 2138
Read key: 2139
Read key: 2140
Read key: 2141
Read key: 2142
Read key: 2143
Read key: 2144
Read key: 2145
Read key: 2146
Read key: 2147
Read key: 2148
Read key: 2149
Read key: 2150
Read key: 2151
Read key: 2152
Read key: 2153
Read key: 2154
Read key: 2155
Read key: 2156
Read key: 2157
Read key: 2158
Read key: 2159
Read key: 2160
Read key: 2161
Read key: 2162
Read key: 2163
Read key: 2164
Read key: 2165
Read key: 2166
Read key: 2167
Read key: 2168
Read key: 2169
Read key: 2170
Read key: 2171
Read key: 2172
Read key: 2173
Read key: 2174
Read key: 2175
Read key: 2176
Read key: 2177
Read key: 2178
Read key: 2179
Read key: 2180
Read key: 2181
Read key: 2182
Read key: 2183
Read key: 2184
Read key: 2185
Read key: 2186
Read key: 2187
Read key: 2188
Read key: 2189
Read key: 2190
Read key: 2191
Read key: 2192
Read key: 2193
Read key: 2194
Read key: 2195
Read key: 2196
Read key: 2197
Read key: 2198
Read key: 2199
Read key: 2200
Read key: 2201
Read key: 2202
Read key: 2203
Read key: 2204
Read key: 2205
Read key: 2206
Read key: 2207
Read key: 2208
Read key: 2209
Read key: 2210
Read key: 2211
Read key: 2212
Read key: 2213
Read key: 2214
Read key: 2215
Read key: 2216
Read key: 2217
Read key: 2218
Read key: 2219
Read key: 2220
Read key: 2221
Read key: 2222
Read key: 2223
Read key: 2224
Read key: 2225
Read key: 2226
Read key: 2227
Read key: 2228
Read key: 2229
Read key: 2230
Read key: 2231
Read key: 2232
Read key: 2233
Read key: 2234
Read key: 2235
Read key: 2236
Read key: 2237
Read key: 2238
Read key: 2239
Read key: 2240
Read key: 2241
Read key: 2242
Read key: 2243
Read key: 2244
Read key: 2245
Read key: 2246
Read key: 2247
Read key: 2248
Read key: 2249
Read key: 2250
Read key: 2251
Read key: 2252
Read key: 2253
Read key: 2254
Read key: 2255
Read key: 2256
Read key: 2257
Read key: 2258
Read key: 2259
Read key: 2260
Read key: 2261
Read key: 2262
Read key: 2263
Read key: 2264
Read key: 2265
Read key: 2266
Read key: 2267
Read key: 2268
Read key: 2269
Read key: 2270
Read key: 2271
Read key: 2272
Read key: 2273
Read key: 2274
Read key: 2275
Read key: 2276
Read key: 2277
Read key: 2278
Read key: 2279
Read key: 2280
Read key: 2281
Read key: 2282
Read key: 2283
Read key: 2284
Read key: 2285
Read key: 2286
Read key: 2287
Read key: 2288
Read key: 2289
Read key: 2290
Read key: 2291
Read key: 2292
Read key: 2293
Read key: 2294
Read key: 2295
Read key: 2296
Read key: 2297
Read key: 2298
Read key: 2299
Read key: 2300
Read key: 2301
Read key: 2302
Read key: 2303
Read key: 2304
Read key: 2305
Read key: 2306
Read key: 2307
Read key: 2308
Read key: 2309
Read key: 2310
Read key: 2311
Read key: 2312
Read key: 2313
Read key: 2314
Read key: 2315
Read key: 2316
Read key: 2317
Read key: 2318
Read key: 2319
Read key: 2320
Read key: 2321
Read key: 2322
Read key: 2323
Read key: 2324
Read key: 2325
Read key: 2326
Read key: 2327
Read key: 2328
Read key: 2329
Read key: 2330
Read key: 2331
Read key: 2332
Read key: 2333
Read key: 2334
Read key: 2335
Read key: 2336
Read key: 2337
Read key: 2338
Read key: 2339
Read key: 2340
Read key: 2341
Read key: 2342
Read key: 2343
Read key: 2344
Read key: 2345
Read key: 2346
Read key: 2347
Read key: 2348
Read key: 2349
Read key: 2350
Read key: 2351
Read key: 2352
Read key: 2353
Read key: 2354
Read key: 2355
Read key: 2356
Read key: 2357
Read key: 2358
Read key: 2359
Read key: 2360
Read key: 2361
Read key: 2362
Read key: 2363
Read key: 2364
Read key: 2365
Read key: 2366
Read key: 2367
Read key: 2368
Read key: 2369
Read key: 2370
Read key: 2371
Read key: 2372
Read key: 2373
Read key: 2374
Read key: 2375
Read key: 2376
Read key: 2377
Read key: 2378
Read key: 2379
Read key: 2380
Read key: 2381
Read key: 2382
Read key: 2383
Read key: 2384
Read key: 2385
Read key: 2386
Read key: 2387
Read key: 2388
Read key: 2389
Read key: 2390
Read key: 2391
Read key: 2392
Read key: 2393
Read key: 2394
Read key: 2395
Read key: 2396
Read key: 2397
Read key: 2398
Read key: 2399
Read key: 2400
Read key: 2401
Read key: 2402
Read key: 2403
Read key: 2404
Read key: 2405
Read key: 2406
Read key: 2407
Read key: 2408
Read key: 2409
Read key: 2410
Read key: 2411
Read key: 2412
Read key: 2413
Read key: 2414
Read key: 2415
Read key: 2416
Read key: 2417
Read key: 2418
Read key: 2419
Read key: 2420
Read key: 2421
Read key: 2422
Read key: 2423
Read key: 2424
Read key: 2425
Read key: 2426
Read key: 2427
Read key: 2428
Read key: 2429
Read key: 2430
Read key: 2431
Read key: 2432
Read key: 2433
Read key: 2434
Read key: 2435
Read key: 2436
Read key: 2437
Read key: 2438
Read key: 2439
Read key: 2440
Read key: 2441
Read key: 2442
Read key: 2443
Read key: 2444
Read key: 2445
Read key: 2446
Read key: 2447
Read key: 2448
Read key: 2449
Read key: 2450
Read key: 2451
Read key: 2452
Read key: 2453
Read key: 2454
Read key: 2455
Read key: 2456
Read key: 2457
Read key: 2458
Read key: 2459
Read key: 2460
Read key: 2461
Read key: 2462
Read key: 2463
Read key: 2464
Read key: 2465
Read key: 2466
Read key: 2467
Read key: 2468
Read key: 2469
Read key: 2470
Read key: 2471
Read key: 2472
Read key: 2473
Read key: 2474
Read key: 2475
Read key: 2476
Read key: 2477
Read key: 2478
Read key: 2479
Read key: 2480
Read key: 2481
Read key: 2482
Read key: 2483
Read key: 2484
Read key: 2485
Read key: 2486
Read key: 2487
Read key: 2488
Read key: 2489
Read key: 2490
Read key: 2491
Read key: 2492
Read key: 2493
Read key: 2494
Read key: 2495
Read key: 2496
Read key: 2497
Read key: 2498
Read key: 2499
Read key: 2500
Read key: 2501
Read key: 2502
Read key: 2503
Read key: 2504
Read key: 2505
Read key: 2506
Read key: 2507
Read key: 2508
Read key: 2509
Read key: 2510
Read key: 2511
Read key: 2512
Read key: 2513
Read key: 2514
Read key: 2515
Read key: 2516
Read key: 2517
Read key: 2518
Read key: 2519
Read key: 2520
Read key: 2521
Read key: 2522
Read key: 2523
Read key: 2524
Read key: 2525
Read key: 2526
Read key: 2527
Read key: 2528
Read key: 2529
Read key: 2530
Read key: 2531
Read key: 2532
Read key: 2533
Read key: 2534
Read key: 2535
Read key: 2536
Read key: 2537
Read key: 2538
Read key: 2539
Read key: 2540
Read key: 2541
Read key: 2542
Read key: 2543
Read key: 2544
Read key: 2545
Read key: 2546
Read key: 2547
Read key: 2548
Read key: 2549
Read key: 2550
Read key: 2551
Read key: 2552
Read key: 2553
Read key: 2554
Read key: 2555
Read key: 2556
Read key: 2557
Read key: 2558
Read key: 2559
Read key: 2560
Read key: 2561
Read key: 2562
Read key: 2563
Read key: 2564
Read key: 2565
Read key: 2566
Read key: 2567
Read key: 2568
Read key: 2569
Read key: 2570
Read key: 2571
Read key: 2572
Read key: 2573
Read key: 2574
Read key: 2575
Read key: 2576
Read key: 2577
Read key: 2578
Read key: 2579
Read key: 2580
Read key: 2581
Read key: 2582
Read key: 2583
Read key: 2584
Read key: 2585
Read key: 2586
Read key: 2587
Read key: 2588
Read key: 2589
Read key: 2590
Read key: 2591
Read key: 2592
Read key: 2593
Read key: 2594
Read key: 2595
Read key: 2596
Read key: 2597
Read key: 2598
Read key: 2599
Read key: 2600
Read key: 2601
Read key: 2602
Read key: 2603
Read key: 2604
Read key: 2605
Read key: 2606
Read key: 2607
Read key: 2608
Read key: 2609
Read key: 2610
Read key: 2611
Read key: 2612
Read key: 2613
Read key: 2614
Read key: 2615
Read key: 2616
Read key: 2617
Read key: 2618
Read key: 2619
Read key: 2620
Read key: 2621
Read key: 2622
Read key: 2623
Read key: 2624
Read key: 2625
Read key: 2626
Read key: 2627
Read key: 2628
Read key: 2629
Read key: 2630
Read key: 2631
Read key: 2632
Read key: 2633
Read key: 2634
Read key: 2635
Read key: 2636
Read key: 2637
Read key: 2638
Read key: 2639
Read key: 2640
Read key: 2641
Read key: 2642
Read key: 2643
Read key: 2644
Read key: 2645
Read key: 2646
Read key: 2647
Read key: 2648
Read key: 2649
Read key: 2650
Read key: 2651
Read key: 2652
Read key: 2653
Read key: 2654
Read key: 2655
Read key: 2656
Read key: 2657
Read key: 2658
Read key: 2659
Read key: 2660
Read key: 2661
Read key: 2662
Read key: 2663
Read key: 2664
Read key: 2665
Read key: 2666
Read key: 2667
Read key: 2668
Read key: 2669
Read key: 2670
Read key: 2671
Read key: 2672
Read key: 2673
Read key: 2674
Read key: 2675
Read key: 2676
Read key: 2677
Read key: 2678
Read key: 2679
Read key: 2680
Read key: 2681
Read key: 2682
Read key: 2683
Read key: 2684
Read key: 2685
Read key: 2686
Read key: 2687
Read key: 2688
Read key: 2689
Read key: 2690
Read key: 2691
Read key: 2692
Read key: 2693
Read key: 2694
Read key: 2695
Read key: 2696
Read key: 2697
Read key: 2698
Read key: 2699
Read key: 2700
Read key: 2701
Read key: 2702
Read key: 2703
Read key: 2704
Read key: 2705
Read key: 2706
Read key: 2707
Read key: 2708
Read key: 2709
Read key: 2710
Read key: 2711
Read key: 2712
Read key: 2713
Read key: 2714
Read key: 2715
Read key: 2716
Read key: 2717
Read key: 2718
Read key: 2719
Read key: 2720
Read key: 2721
Read key: 2722
Read key: 2723
Read key: 2724
Read key: 2725
Read key: 2726
Read key: 2727
Read key: 2728
Read key: 2729
Read key: 2730
Read key: 2731
Read key: 2732
Read key: 2733
Read key: 2734
Read key: 2735
Read key: 2736
Read key: 2737
Read key: 2738
Read key: 2739
Read key: 2740
Read key: 2741
Read key: 2742
Read key: 2743
Read key: 2744
Read key: 2745
Read key: 2746
Read key: 2747
Read key: 2748
Read key: 2749
Read key: 2750
Read key: 2751
Read key: 2752
Read key: 2753
Read key: 2754
Read key: 2755
Read key: 2756
Read key: 2757
Read key: 2758
Read key: 2759
Read key: 2760
Read key: 2761
Read key: 2762
Read key: 2763
Read key: 2764
Read key: 2765
Read key: 2766
Read key: 2767
Read key: 2768
Read key: 2769
Read key: 2770
Read key: 2771
Read key: 2772
Read key: 2773
Read key: 2774
Read key: 2775
Read key: 2776
Read key: 2777
Read key: 2778
Read key: 2779
Read key: 2780
Read key: 2781
Read key: 2782
Read key: 2783
Read key: 2784
Read key: 2785
Read key: 2786
Read key: 2787
Read key: 2788
Read key: 2789
Read key: 2790
Read key: 2791
Read key: 2792
Read key: 2793
Read key: 2794
Read key: 2795
Read key: 2796
Read key: 2797
Read key: 2798
Read key: 2799
Read key: 2800
Read key: 2801
Read key: 2802
Read key: 2803
Read key: 2804
Read key: 2805
Read key: 2806
Read key: 2807
Read key: 2808
Read key: 2809
Read key: 2810
Read key: 2811
Read key: 2812
Read key: 2813
Read key: 2814
Read key: 2815
Read key: 2816
Read key: 2817
Read key: 2818
Read key: 2819
Read key: 2820
Read key: 2821
Read key: 2822
Read key: 2823
Read key: 2824
Read key: 2825
Read key: 2826
Read key: 2827
Read key: 2828
Read key: 2829
Read key: 2830
Read key: 2831
Read key: 2832
Read key: 2833
Read key: 2834
Read key: 2835
Read key: 2836
Read key: 2837
Read key: 2838
Read key: 2839
Read key: 2840
Read key: 2841
Read key: 2842
Read key: 2843
Read key: 2844
Read key: 2845
Read key: 2846
Read key: 2847
Read key: 2848
Read key: 2849
Read key: 2850
Read key: 2851
Read key: 2852
Read key: 2853
Read key: 2854
Read key: 2855
Read key: 2856
Read key: 2857
Read key: 2858
Read key: 2859
Read key: 2860
Read key: 2861
Read key: 2862
Read key: 2863
Read key: 2864
Read key: 2865
Read key: 2866
Read key: 2867
Read key: 2868
Read key: 2869
Read key: 2870
Read key: 2871
Read key: 2872
Read key: 2873
Read key: 2874
Read key: 2875
Read key: 2876
Read key: 2877
Read key: 2878
Read key: 2879
Read key: 2880
Read key: 2881
Read key: 2882
Read key: 2883
Read key: 2884
Read key: 2885
Read key: 2886
Read key: 2887
Read key: 2888
Read key: 2889
Read key: 2890
Read key: 2891
Read key: 2892
Read key: 2893
Read key: 2894
Read key: 2895
Read key: 2896
Read key: 2897
Read key: 2898
Read key: 2899
Read key: 2900
Read key: 2901
Read key: 2902
Read key: 2903
Read key: 2904
Read key: 2905
Read key: 2906
Read key: 2907
Read key: 2908
Read key: 2909
Read key: 2910
Read key: 2911
Read key: 2912
Read key: 2913
Read key: 2914
Read key: 2915
Read key: 2916
Read key: 2917
Read key: 2918
Read key: 2919
Read key: 2920
Read key: 2921
Read key: 2922
Read key: 2923
Read key: 2924
Read key: 2925
Read key: 2926
Read key: 2927
Read key: 2928
Read key: 2929
Read key: 2930
Read key: 2931
Read key: 2932
Read key: 2933
Read key: 2934
Read key: 2935
Read key: 2936
Read key: 2937
Read key: 2938
Read key: 2939
Read key: 2940
Read key: 2941
Read key: 2942
Read key: 2943
Read key: 2944
Read key: 2945
Read key: 2946
Read key: 2947
Read key: 2948
Read key: 2949
Read key: 2950
Read key: 2951
Read key: 2952
Read key: 2953
Read key: 2954
Read key: 2955
Read key: 2956
Read key: 2957
Read key: 2958
Read key: 2959
Read key: 2960
Read key: 2961
Read key: 2962
Read key: 2963
Read key: 2964
Read key: 2965
Read key: 2966
Read key: 2967
Read key: 2968
Read key: 2969
Read key: 2970
Read key: 2971
Read key: 2972
Read key: 2973
Read key: 2974
Read key: 2975
Read key: 2976
Read key: 2977
Read key: 2978
Read key: 2979
Read key: 2980
Read key: 2981
Read key: 2982
Read key: 2983
Read key: 2984
Read key: 2985
Read key: 2986
Read key: 2987
Read key: 2988
Read key: 2989
Read key: 2990
Read key: 2991
Read key: 2992
Read key: 2993
Read key: 2994
Read key: 2995
Read key: 2996
Read key: 2997
Read key: 2998
Read key: 2999
Read key: 3000
Read key: 3001
Read key: 3002
Read key: 3003
Read key: 3004
Read key: 3005
Read key: 3006
Read key: 3007
Read key: 3008
Read key: 3009
Read key: 3010
Read key: 3011
Read key: 3012
Read key: 3013
Read key: 3014
Read key: 3015
Read key: 3016
Read key: 3017
Read key: 3018
Read key: 3019
Read key: 3020
Read key: 3021
Read key: 3022
Read key: 3023
Read key: 3024
Read key: 3025
Read key: 3026
Read key: 3027
Read key: 3028
Read key: 3029
Read key: 3030
Read key: 3031
Read key: 3032
Read key: 3033
Read key: 3034
Read key: 3035
Read key: 3036
Read key: 3037
Read key: 3038
Read key: 3039
Read key: 3040
Read key: 3041
Read key: 3042
Read key: 3043
Read key: 3044
Read key: 3045
Read key: 3046
Read key: 3047
Read key: 3048
Read key: 3049
Read key: 3050
Read key: 3051
Read key: 3052
Read key: 3053
Read key: 3054
Read key: 3055
Read key: 3056
Read key: 3057
Read key: 3058
Read key: 3059
Read key: 3060
Read key: 3061
Read key: 3062
Read key: 3063
Read key: 3064
Read key: 3065
Read key: 3066
Read key: 3067
Read key: 3068
Read key: 3069
Read key: 3070
Read key: 3071
Read key: 3072
Read key: 3073
Read key: 3074
Read key: 3075
Read key: 3076
Read key: 3077
Read key: 3078
Read key: 3079
Read key: 3080
Read key: 3081
Read key: 3082
Read key: 3083
Read key: 3084
Read key: 3085
Read key: 3086
Read key: 3087
Read key: 3088
Read key: 3089
Read key: 3090
Read key: 3091
Read key: 3092
Read key: 3093
Read key: 3094
Read key: 3095
Read key: 3096
Read key: 3097
Read key: 3098
Read key: 3099
Read key: 3100
Read key: 3101
Read key: 3102
Read key: 3103
Read key: 3104
Read key: 3105
Read key: 3106
Read key: 3107
Read key: 3108
Read key: 3109
Read key: 3110
Read key: 3111
Read key: 3112
Read key: 3113
Read key: 3114
Read key: 3115
Read key: 3116
Read key: 3117
Read key: 3118
Read key: 3119
Read key: 3120
Read key: 3121
Read key: 3122
Read key: 3123
Read key: 3124
Read key: 3125
Read key: 3126
Read key: 3127
Read key: 3128
Read key: 3129
Read key: 3130
Read key: 3131
Read key: 3132
Read key: 3133
Read key: 3134
Read key: 3135
Read key: 3136
Read key: 3137
Read key: 3138
Read key: 3139
Read key: 3140
Read key: 3141
Read key: 3142
Read key: 3143
Read key: 3144
Read key: 3145
Read key: 3146
Read key: 3147
Read key: 3148
Read key: 3149
Read key: 3150
Read key: 3151
Read key: 3152
Read key: 3153
Read key: 3154
Read key: 3155
Read key: 3156
Read key: 3157
Read key: 3158
Read key: 3159
Read key: 3160
Read key: 3161
Read key: 3162
Read key: 3163
Read key: 3164
Read key: 3165
Read key: 3166
Read key: 3167
Read key: 3168
Read key: 3169
Read key: 3170
Read key: 3171
Read key: 3172
Read key: 3173
Read key: 3174
Read key: 3175
Read key: 3176
Read key: 3177
Read key: 3178
Read key: 3179
Read key: 3180
Read key: 3181
Read key: 3182
Read key: 3183
Read key: 3184
Read key: 3185
Read key: 3186
Read key: 3187
Read key: 3188
Read key: 3189
Read key: 3190
Read key: 3191
Read key: 3192
Read key: 3193
Read key: 3194
Read key: 3195
Read key: 3196
Read key: 3197
Read key: 3198
Read key: 3199
Read key: 3200
Read key: 3201
Read key: 3202
Read key: 3203
Read key: 3204
Read key: 3205
Read key: 3206
Read key: 3207
Read key: 3208
Read key: 3209
Read key: 3210
Read key: 3211
Read key: 3212
Read key: 3213
Read key: 3214
Read key: 3215
Read key: 3216
Read key: 3217
Read key: 3218
Read key: 3219
Read key: 3220
Read key: 3221
Read key: 3222
Read key: 3223
Read key: 3224
Read key: 3225
Read key: 3226
Read key: 3227
Read key: 3228
Read key: 3229
Read key: 3230
Read key: 3231
Read key: 3232
Read key: 3233
Read key: 3234
Read key: 3235
Read key: 3236
Read key: 3237
Read key: 3238
Read key: 3239
Read key: 3240
Read key: 3241
Read key: 3242
Read key: 3243
Read key: 3244
Read key: 3245
Read key: 3246
Read key: 3247
Read key: 3248
Read key: 3249
Read key: 3250
Read key: 3251
Read key: 3252
Read key: 3253
Read key: 3254
Read key: 3255
Read key: 3256
Read key: 3257
Read key: 3258
Read key: 3259
Read key: 3260
Read key: 3261
Read key: 3262
Read key: 3263
Read key: 3264
Read key: 3265
Read key: 3266
Read key: 3267
Read key: 3268
Read key: 3269
Read key: 3270
Read key: 3271
Read key: 3272
Read key: 3273
Read key: 3274
Read key: 3275
Read key: 3276
Read key: 3277
Read key: 3278
Read key: 3279
Read key: 3280
Read key: 3281
Read key: 3282
Read key: 3283
Read key: 3284
Read key: 3285
Read key: 3286
Read key: 3287
Read key: 3288
Read key: 3289
Read key: 3290
Read key: 3291
Read key: 3292
Read key: 3293
Read key: 3294
Read key: 3295
Read key: 3296
Read key: 3297
Read key: 3298
Read key: 3299
Read key: 3300
Read key: 3301
Read key: 3302
Read key: 3303
Read key: 3304
Read key: 3305
Read key: 3306
Read key: 3307
Read key: 3308
Read key: 3309
Read key: 3310
Read key: 3311
Read key: 3312
Read key: 3313
Read key: 3314
Read key: 3315
Read key: 3316
Read key: 3317
Read key: 3318
Read key: 3319
Read key: 3320
Read key: 3321
Read key: 3322
Read key: 3323
Read key: 3324
Read key: 3325
Read key: 3326
Read key: 3327
Read key: 3328
Read key: 3329
Read key: 3330
Read key: 3331
Read key: 3332
Read key: 3333
Read key: 3334
Read key: 3335
Read key: 3336
Read key: 3337
Read key: 3338
Read key: 3339
Read key: 3340
Read key: 3341
Read key: 3342
Read key: 3343
Read key: 3344
Read key: 3345
Read key: 3346
Read key: 3347
Read key: 3348
Read key: 3349
Read key: 3350
Read key: 3351
Read key: 3352
Read key: 3353
Read key: 3354
Read key: 3355
Read key: 3356
Read key: 3357
Read key: 3358
Read key: 3359
Read key: 3360
Read key: 3361
Read key: 3362
Read key: 3363
Read key: 3364
Read key: 3365
Read key: 3366
Read key: 3367
Read key: 3368
Read key: 3369
Read key: 3370
Read key: 3371
Read key: 3372
Read key: 3373
Read key: 3374
Read key: 3375
Read key: 3376
Read key: 3377
Read key: 3378
Read key: 3379
Read key: 3380
Read key: 3381
Read key: 3382
Read key: 3383
Read key: 3384
Read key: 3385
Read key: 3386
Read key: 3387
Read key: 3388
Read key: 3389
Read key: 3390
Read key: 3391
Read key: 3392
Read key: 3393
Read key: 3394
Read key: 3395
Read key: 3396
Read key: 3397
Read key: 3398
Read key: 3399
Read key: 3400
Read key: 3401
Read key: 3402
Read key: 3403
Read key: 3404
Read key: 3405
Read key: 3406
Read key: 3407
Read key: 3408
Read key: 3409
Read key: 3410
Read key: 3411
Read key: 3412
Read key: 3413
Read key: 3414
Read key: 3415
Read key: 3416
Read key: 3417
Read key: 3418
Read key: 3419
Read key: 3420
Read key: 3421
Read key: 3422
Read key: 3423
Read key: 3424
Read key: 3425
Read key: 3426
Read key: 3427
Read key: 3428
Read key: 3429
Read key: 3430
Read key: 3431
Read key: 3432
Read key: 3433
Read key: 3434
Read key: 3435
Read key: 3436
Read key: 3437
Read key: 3438
Read key: 3439
Read key: 3440
Read key: 3441
Read key: 3442
Read key: 3443
Read key: 3444
Read key: 3445
Read key: 3446
Read key: 3447
Read key: 3448
Read key: 3449
Read key: 3450
Read key: 3451
Read key: 3452
Read key: 3453
Read key: 3454
Read key: 3455
Read key: 3456
Read key: 3457
Read key: 3458
Read key: 3459
Read key: 3460
Read key: 3461
Read key: 3462
Read key: 3463
Read key: 3464
Read key: 3465
Read key: 3466
Read key: 3467
Read key: 3468
Read key: 3469
Read key: 3470
Read key: 3471
Read key: 3472
Read key: 3473
Read key: 3474
Read key: 3475
Read key: 3476
Read key: 3477
Read key: 3478
Read key: 3479
Read key: 3480
Read key: 3481
Read key: 3482
Read key: 3483
Read key: 3484
Read key: 3485
Read key: 3486
Read key: 3487
Read key: 3488
Read key: 3489
Read key: 3490
Read key: 3491
Read key: 3492
Read key: 3493
Read key: 3494
Read key: 3495
Read key: 3496
Read key: 3497
Read key: 3498
Read key: 3499
Read key: 3500
Read key: 3501
Read key: 3502
Read key: 3503
Read key: 3504
Read key: 3505
Read key: 3506
Read key: 3507
Read key: 3508
Read key: 3509
Read key: 3510
Read key: 3511
Read key: 3512
Read key: 3513
Read key: 3514
Read key: 3515
Read key: 3516
Read key: 3517
Read key: 3518
Read key: 3519
Read key: 3520
Read key: 3521
Read key: 3522
Read key: 3523
Read key: 3524
Read key: 3525
Read key: 3526
Read key: 3527
Read key: 3528
Read key: 3529
Read key: 3530
Read key: 3531
Read key: 3532
Read key: 3533
Read key: 3534
Read key: 3535
Read key: 3536
Read key: 3537
Read key: 3538
Read key: 3539
Read key: 3540
Read key: 3541
Read key: 3542
Read key: 3543
Read key: 3544
Read key: 3545
Read key: 3546
Read key: 3547
Read key: 3548
Read key: 3549
Read key: 3550
Read key: 3551
Read key: 3552
Read key: 3553
Read key: 3554
Read key: 3555
Read key: 3556
Read key: 3557
Read key: 3558
Read key: 3559
Read key: 3560
Read key: 3561
Read key: 3562
Read key: 3563
Read key: 3564
Read key: 3565
Read key: 3566
Read key: 3567
Read key: 3568
Read key: 3569
Read key: 3570
Read key: 3571
Read key: 3572
Read key: 3573
Read key: 3574
Read key: 3575
Read key: 3576
Read key: 3577
Read key: 3578
Read key: 3579
Read key: 3580
Read key: 3581
Read key: 3582
Read key: 3583
Read key: 3584
Read key: 3585
Read key: 3586
Read key: 3587
Read key: 3588
Read key: 3589
Read key: 3590
Read key: 3591
Read key: 3592
Read key: 3593
Read key: 3594
Read key: 3595
Read key: 3596
Read key: 3597
Read key: 3598
Read key: 3599
Read key: 3600
Read key: 3601
Read key: 3602
Read key: 3603
Read key: 3604
Read key: 3605
Read key: 3606
Read key: 3607
Read key: 3608
Read key: 3609
Read key: 3610
Read key: 3611
Read key: 3612
Read key: 3613
Read key: 3614
Read key: 3615
Read key: 3616
Read key: 3617
Read key: 3618
Read key: 3619
Read key: 3620
Read key: 3621
Read key: 3622
Read key: 3623
Read key: 3624
Read key: 3625
Read key: 3626
Read key: 3627
Read key: 3628
Read key: 3629
Read key: 3630
Read key: 3631
Read key: 3632
Read key: 3633
Read key: 3634
Read key: 3635
Read key: 3636
Read key: 3637
Read key: 3638
Read key: 3639
Read key: 3640
Read key: 3641
Read key: 3642
Read key: 3643
Read key: 3644
Read key: 3645
Read key: 3646
Read key: 3647
Read key: 3648
Read key: 3649
Read key: 3650
Read key: 3651
Read key: 3652
Read key: 3653
Read key: 3654
Read key: 3655
Read key: 3656
Read key: 3657
Read key: 3658
Read key: 3659
Read key: 3660
Read key: 3661
Read key: 3662
Read key: 3663
Read key: 3664
Read key: 3665
Read key: 3666
Read key: 3667
Read key: 3668
Read key: 3669
Read key: 3670
Read key: 3671
Read key: 3672
Read key: 3673
Read key: 3674
Read key: 3675
Read key: 3676
Read key: 3677
Read key: 3678
Read key: 3679
Read key: 3680
Read key: 3681
Read key: 3682
Read key: 3683
Read key: 3684
Read key: 3685
Read key: 3686
Read key: 3687
Read key: 3688
Read key: 3689
Read key: 3690
Read key: 3691
Read key: 3692
Read key: 3693
Read key: 3694
Read key: 3695
Read key: 3696
Read key: 3697
Read key: 3698
Read key: 3699
Read key: 3700
Read key: 3701
Read key: 3702
Read key: 3703
Read key: 3704
Read key: 3705
Read key: 3706
Read key: 3707
Read key: 3708
Read key: 3709
Read key: 3710
Read key: 3711
Read key: 3712
Read key: 3713
Read key: 3714
Read key: 3715
Read key: 3716
Read key: 3717
Read key: 3718
Read key: 3719
Read key: 3720
Read key: 3721
Read key: 3722
Read key: 3723
Read key: 3724
Read key: 3725
Read key: 3726
Read key: 3727
Read key: 3728
Read key: 3729
Read key: 3730
Read key: 3731
Read key: 3732
Read key: 3733
Read key: 3734
Read key: 3735
Read key: 3736
Read key: 3737
Read key: 3738
Read key: 3739
Read key: 3740
Read key: 3741
Read key: 3742
Read key: 3743
Read key: 3744
Read key: 3745
Read key: 3746
Read key: 3747
Read key: 3748
Read key: 3749
Read key: 3750
Read key: 3751
Read key: 3752
Read key: 3753
Read key: 3754
Read key: 3755
Read key: 3756
Read key: 3757
Read key: 3758
Read key: 3759
Read key: 3760
Read key: 3761
Read key: 3762
Read key: 3763
Read key: 3764
Read key: 3765
Read key: 3766
Read key: 3767
Read key: 3768
Read key: 3769
Read key: 3770
Read key: 3771
Read key: 3772
Read key: 3773
Read key: 3774
Read key: 3775
Read key: 3776
Read key: 3777
Read key: 3778
Read key: 3779
Read key: 3780
Read key: 3781
Read key: 3782
Read key: 3783
Read key: 3784
Read key: 3785
Read key: 3786
Read key: 3787
Read key: 3788
Read key: 3789
Read key: 3790
Read key: 3791
Read key: 3792
Read key: 3793
Read key: 3794
Read key: 3795
Read key: 3796
Read key: 3797
Read key: 3798
Read key: 3799
Read key: 3800
Read key: 3801
Read key: 3802
Read key: 3803
Read key: 3804
Read key: 3805
Read key: 3806
Read key: 3807
Read key: 3808
Read key: 3809
Read key: 3810
Read key: 3811
Read key: 3812
Read key: 3813
Read key: 3814
Read key: 3815
Read key: 3816
Read key: 3817
Read key: 3818
Read key: 3819
Read key: 3820
Read key: 3821
Read key: 3822
Read key: 3823
Read key: 3824
Read key: 3825
Read key: 3826
Read key: 3827
Read key: 3828
Read key: 3829
Read key: 3830
Read key: 3831
Read key: 3832
Read key: 3833
Read key: 3834
Read key: 3835
Read key: 3836
Read key: 3837
Read key: 3838
Read key: 3839
Read key: 3840
Read key: 3841
Read key: 3842
Read key: 3843
Read key: 3844
Read key: 3845
Read key: 3846
Read key: 3847
Read key: 3848
Read key: 3849
Read key: 3850
Read key: 3851
Read key: 3852
Read key: 3853
Read key: 3854
Read key: 3855
Read key: 3856
Read key: 3857
Read key: 3858
Read key: 3859
Read key: 3860
Read key: 3861
Read key: 3862
Read key: 3863
Read key: 3864
Read key: 3865
Read key: 3866
Read key: 3867
Read key: 3868
Read key: 3869
Read key: 3870
Read key: 3871
Read key: 3872
Read key: 3873
Read key: 3874
Read key: 3875
Read key: 3876
Read key: 3877
Read key: 3878
Read key: 3879
Read key: 3880
Read key: 3881
Read key: 3882
Read key: 3883
Read key: 3884
Read key: 3885
Read key: 3886
Read key: 3887
Read key: 3888
Read key: 3889
Read key: 3890
Read key: 3891
Read key: 3892
Read key: 3893
Read key: 3894
Read key: 3895
Read key: 3896
Read key: 3897
Read key: 3898
Read key: 3899
Read key: 3900
Read key: 3901
Read key: 3902
Read key: 3903
Read key: 3904
Read key: 3905
Read key: 3906
Read key: 3907
Read key: 3908
Read key: 3909
Read key: 3910
Read key: 3911
Read key: 3912
Read key: 3913
Read key: 3914
Read key: 3915
Read key: 3916
Read key: 3917
Read key: 3918
Read key: 3919
Read key: 3920
Read key: 3921
Read key: 3922
Read key: 3923
Read key: 3924
Read key: 3925
Read key: 3926
Read key: 3927
Read key: 3928
Read key: 3929
Read key: 3930
Read key: 3931
Read key: 3932
Read key: 3933
Read key: 3934
Read key: 3935
Read key: 3936
Read key: 3937
Read key: 3938
Read key: 3939
Read key: 3940
Read key: 3941
Read key: 3942
Read key: 3943
Read key: 3944
Read key: 3945
Read key: 3946
Read key: 3947
Read key: 3948
Read key: 3949
Read key: 3950
Read key: 3951
Read key: 3952
Read key: 3953
Read key: 3954
Read key: 3955
Read key: 3956
Read key: 3957
Read key: 3958
Read key: 3959
Read key: 3960
Read key: 3961
Read key: 3962
Read key: 3963
Read key: 3964
Read key: 3965
Read key: 3966
Read key: 3967
Read key: 3968
Read key: 3969
Read key: 3970
Read key: 3971
Read key: 3972
Read key: 3973
Read key: 3974
Read key: 3975
Read key: 3976
Read key: 3977
Read key: 3978
Read key: 3979
Read key: 3980
Read key: 3981
Read key: 3982
Read key: 3983
Read key: 3984
Read key: 3985
Read key: 3986
Read key: 3987
Read key: 3988
Read key: 3989
Read key: 3990
Read key: 3991
Read key: 3992
Read key: 3993
Read key: 3994
Read key: 3995
Read key: 3996
Read key: 3997
Read key: 3998
Read key: 3999
Read key: 4000
Read key: 4001
Read key: 4002
Read key: 4003
Read key: 4004
Read key: 4005
Read key: 4006
Read key: 4007
Read key: 4008
Read key: 4009
Read key: 4010
Read key: 4011
Read key: 4012
Read key: 4013
Read key: 4014
Read key: 4015
Read key: 4016
Read key: 4017
Read key: 4018
Read key: 4019
Read key: 4020
Read key: 4021
Read key: 4022
Read key: 4023
Read key: 4024
Read key: 4025
Read key: 4026
Read key: 4027
Read key: 4028
Read key: 4029
Read key: 4030
Read key: 4031
Read key: 4032
Read key: 4033
Read key: 4034
Read key: 4035
Read key: 4036
Read key: 4037
Read key: 4038
Read key: 4039
Read key: 4040
Read key: 4041
Read key: 4042
Read key: 4043
Read key: 4044
Read key: 4045
Read key: 4046
Read key: 4047
Read key: 4048
Read key: 4049
Read key: 4050
Read key: 4051
Read key: 4052
Read key: 4053
Read key: 4054
Read key: 4055
Read key: 4056
Read key: 4057
Read key: 4058
Read key: 4059
Read key: 4060
Read key: 4061
Read key: 4062
Read key: 4063
Read key: 4064
Read key: 4065
Read key: 4066
Read key: 4067
Read key: 4068
Read key: 4069
Read key: 4070
Read key: 4071
Read key: 4072
Read key: 4073
Read key: 4074
Read key: 4075
Read key: 4076
Read key: 4077
Read key: 4078
Read key: 4079
Read key: 4080
Read key: 4081
Read key: 4082
Read key: 4083
Read key: 4084
Read key: 4085
Read key: 4086
Read key: 4087
Read key: 4088
Read key: 4089
Read key: 4090
Read key: 4091
Read key: 4092
Read key: 4093
Read key: 4094
Read key: 4095
Read key: 4096
Read key: 4097
Read key: 4098
Read key: 4099
Read key: 4100
Read key: 4101
Read key: 4102
Read key: 4103
Read key: 4104
Read key: 4105
Read key: 4106
Read key: 4107
Read key: 4108
Read key: 4109
Read key: 4110
Read key: 4111
Read key: 4112
Read key: 4113
Read key: 4114
Read key: 4115
Read key: 4116
Read key: 4117
Read key: 4118
Read key: 4119
Read key: 4120
Read key: 4121
Read key: 4122
Read key: 4123
Read key: 4124
Read key: 4125
Read key: 4126
Read key: 4127
Read key: 4128
Read key: 4129
Read key: 4130
Read key: 4131
Read key: 4132
Read key: 4133
Read key: 4134
Read key: 4135
Read key: 4136
Read key: 4137
Read key: 4138
Read key: 4139
Read key: 4140
Read key: 4141
Read key: 4142
Read key: 4143
Read key: 4144
Read key: 4145
Read key: 4146
Read key: 4147
Read key: 4148
Read key: 4149
Read key: 4150
Read key: 4151
Read key: 4152
Read key: 4153
Read key: 4154
Read key: 4155
Read key: 4156
Read key: 4157
Read key: 4158
Read key: 4159
Read key: 4160
Read key: 4161
Read key: 4162
Read key: 4163
Read key: 4164
Read key: 4165
Read key: 4166
Read key: 4167
Read key: 4168
Read key: 4169
Read key: 4170
Read key: 4171
Read key: 4172
Read key: 4173
Read key: 4174
Read key: 4175
Read key: 4176
Read key: 4177
Read key: 4178
Read key: 4179
Read key: 4180
Read key: 4181
Read key: 4182
Read key: 4183
Read key: 4184
Read key: 4185
Read key: 4186
Read key: 4187
Read key: 4188
Read key: 4189
Read key: 4190
Read key: 4191
Read key: 4192
Read key: 4193
Read key: 4194
Read key: 4195
Read key: 4196
Read key: 4197
Read key: 4198
Read key: 4199
Read key: 4200
Read key: 4201
Read key: 4202
Read key: 4203
Read key: 4204
Read key: 4205
Read key: 4206
Read key: 4207
Read key: 4208
Read key: 4209
Read key: 4210
Read key: 4211
Read key: 4212
Read key: 4213
Read key: 4214
Read key: 4215
Read key: 4216
Read key: 4217
Read key: 4218
Read key: 4219
Read key: 4220
Read key: 4221
Read key: 4222
Read key: 4223
Read key: 4224
Read key: 4225
Read key: 4226
Read key: 4227
Read key: 4228
Read key: 4229
Read key: 4230
Read key: 4231
Read key: 4232
Read key: 4233
Read key: 4234
Read key: 4235
Read key: 4236
Read key: 4237
Read key: 4238
Read key: 4239
Read key: 4240
Read key: 4241
Read key: 4242
Read key: 4243
Read key: 4244
Read key: 4245
Read key: 4246
Read key: 4247
Read key: 4248
Read key: 4249
Read key: 4250
Read key: 4251
Read key: 4252
Read key: 4253
Read key: 4254
Read key: 4255
Read key: 4256
Read key: 4257
Read key: 4258
Read key: 4259
Read key: 4260
Read key: 4261
Read key: 4262
Read key: 4263
Read key: 4264
Read key: 4265
Read key: 4266
Read key: 4267
Read key: 4268
Read key: 4269
Read key: 4270
Read key: 4271
Read key: 4272
Read key: 4273
Read key: 4274
Read key: 4275
Read key: 4276
Read key: 4277
Read key: 4278
Read key: 4279
Read key: 4280
Read key: 4281
Read key: 4282
Read key: 4283
Read key: 4284
Read key: 4285
Read key: 4286
Read key: 4287
Read key: 4288
Read key: 4289
Read key: 4290
Read key: 4291
Read key: 4292
Read key: 4293
Read key: 4294
Read key: 4295
Read key: 4296
Read key: 4297
Read key: 4298
Read key: 4299
Read key: 4300
Read key: 4301
Read key: 4302
Read key: 4303
Read key: 4304
Read key: 4305
Read key: 4306
Read key: 4307
Read key: 4308
Read key: 4309
Read key: 4310
Read key: 4311
Read key: 4312
Read key: 4313
Read key: 4314
Read key: 4315
Read key: 4316
Read key: 4317
Read key: 4318
Read key: 4319
Read key: 4320
Read key: 4321
Read key: 4322
Read key: 4323
Read key: 4324
Read key: 4325
Read key: 4326
Read key: 4327
Read key: 4328
Read key: 4329
Read key: 4330
Read key: 4331
Read key: 4332
Read key: 4333
Read key: 4334
Read key: 4335
Read key: 4336
Read key: 4337
Read key: 4338
Read key: 4339
Read key: 4340
Read key: 4341
Read key: 4342
Read key: 4343
Read key: 4344
Read key: 4345
Read key: 4346
Read key: 4347
Read key: 4348
Read key: 4349
Read key: 4350
Read key: 4351
Read key: 4352
Read key: 4353
Read key: 4354
Read key: 4355
Read key: 4356
Read key: 4357
Read key: 4358
Read key: 4359
Read key: 4360
Read key: 4361
Read key: 4362
Read key: 4363
Read key: 4364
Read key: 4365
Read key: 4366
Read key: 4367
Read key: 4368
Read key: 4369
Read key: 4370
Read key: 4371
Read key: 4372
Read key: 4373
Read key: 4374
Read key: 4375
Read key: 4376
Read key: 4377
Read key: 4378
Read key: 4379
Read key: 4380
Read key: 4381
Read key: 4382
Read key: 4383
Read key: 4384
Read key: 4385
Read key: 4386
Read key: 4387
Read key: 4388
Read key: 4389
Read key: 4390
Read key: 4391
Read key: 4392
Read key: 4393
Read key: 4394
Read key: 4395
Read key: 4396
Read key: 4397
Read key: 4398
Read key: 4399
Read key: 4400
Read key: 4401
Read key: 4402
Read key: 4403
Read key: 4404
Read key: 4405
Read key: 4406
Read key: 4407
Read key: 4408
Read key: 4409
Read key: 4410
Read key: 4411
Read key: 4412
Read key: 4413
Read key: 4414
Read key: 4415
Read key: 4416
Read key: 4417
Read key: 4418
Read key: 4419
Read key: 4420
Read key: 4421
Read key: 4422
Read key: 4423
Read key: 4424
Read key: 4425
Read key: 4426
Read key: 4427
Read key: 4428
Read key: 4429
Read key: 4430
Read key: 4431
Read key: 4432
Read key: 4433
Read key: 4434
Read key: 4435
Read key: 4436
Read key: 4437
Read key: 4438
Read key: 4439
Read key: 4440
Read key: 4441
Read key: 4442
Read key: 4443
Read key: 4444
Read key: 4445
Read key: 4446
Read key: 4447
Read key: 4448
Read key: 4449
Read key: 4450
Read key: 4451
Read key: 4452
Read key: 4453
Read key: 4454
Read key: 4455
Read key: 4456
Read key: 4457
Read key: 4458
Read key: 4459
Read key: 4460
Read key: 4461
Read key: 4462
Read key: 4463
Read key: 4464
Read key: 4465
Read key: 4466
Read key: 4467
Read key: 4468
Read key: 4469
Read key: 4470
Read key: 4471
Read key: 4472
Read key: 4473
Read key: 4474
Read key: 4475
Read key: 4476
Read key: 4477
Read key: 4478
Read key: 4479
Read key: 4480
Read key: 4481
Read key: 4482
Read key: 4483
Read key: 4484
Read key: 4485
Read key: 4486
Read key: 4487
Read key: 4488
Read key: 4489
Read key: 4490
Read key: 4491
Read key: 4492
Read key: 4493
Read key: 4494
Read key: 4495
Read key: 4496
Read key: 4497
Read key: 4498
Read key: 4499
Read key: 4500
Read key: 4501
Read key: 4502
Read key: 4503
Read key: 4504
Read key: 4505
Read key: 4506
Read key: 4507
Read key: 4508
Read key: 4509
Read key: 4510
Read key: 4511
Read key: 4512
Read key: 4513
Read key: 4514
Read key: 4515
Read key: 4516
Read key: 4517
Read key: 4518
Read key: 4519
Read key: 4520
Read key: 4521
Read key: 4522
Read key: 4523
Read key: 4524
Read key: 4525
Read key: 4526
Read key: 4527
Read key: 4528
Read key: 4529
Read key: 4530
Read key: 4531
Read key: 4532
Read key: 4533
Read key: 4534
Read key: 4535
Read key: 4536
Read key: 4537
Read key: 4538
Read key: 4539
Read key: 4540
Read key: 4541
Read key: 4542
Read key: 4543
Read key: 4544
Read key: 4545
Read key: 4546
Read key: 4547
Read key: 4548
Read key: 4549
Read key: 4550
Read key: 4551
Read key: 4552
Read key: 4553
Read key: 4554
Read key: 4555
Read key: 4556
Read key: 4557
Read key: 4558
Read key: 4559
Read key: 4560
Read key: 4561
Read key: 4562
Read key: 4563
Read key: 4564
Read key: 4565
Read key: 4566
Read key: 4567
Read key: 4568
Read key: 4569
Read key: 4570
Read key: 4571
Read key: 4572
Read key: 4573
Read key: 4574
Read key: 4575
Read key: 4576
Read key: 4577
Read key: 4578
Read key: 4579
Read key: 4580
Read key: 4581
Read key: 4582
Read key: 4583
Read key: 4584
Read key: 4585
Read key: 4586
Read key: 4587
Read key: 4588
Read key: 4589
Read key: 4590
Read key: 4591
Read key: 4592
Read key: 4593
Read key: 4594
Read key: 4595
Read key: 4596
Read key: 4597
Read key: 4598
Read key: 4599
Read key: 4600
Read key: 4601
Read key: 4602
Read key: 4603
Read key: 4604
Read key: 4605
Read key: 4606
Read key: 4607
Read key: 4608
Read key: 4609
Read key: 4610
Read key: 4611
Read key: 4612
Read key: 4613
Read key: 4614
Read key: 4615
Read key: 4616
Read key: 4617
Read key: 4618
Read key: 4619
Read key: 4620
Read key: 4621
Read key: 4622
Read key: 4623
Read key: 4624
Read key: 4625
Read key: 4626
Read key: 4627
Read key: 4628
Read key: 4629
Read key: 4630
Read key: 4631
Read key: 4632
Read key: 4633
Read key: 4634
Read key: 4635
Read key: 4636
Read key: 4637
Read key: 4638
Read key: 4639
Read key: 4640
Read key: 4641
Read key: 4642
Read key: 4643
Read key: 4644
Read key: 4645
Read key: 4646
Read key: 4647
Read key: 4648
Read key: 4649
Read key: 4650
Read key: 4651
Read key: 4652
Read key: 4653
Read key: 4654
Read key: 4655
Read key: 4656
Read key: 4657
Read key: 4658
Read key: 4659
Read key: 4660
Read key: 4661
Read key: 4662
Read key: 4663
Read key: 4664
Read key: 4665
Read key: 4666
Read key: 4667
Read key: 4668
Read key: 4669
Read key: 4670
Read key: 4671
Read key: 4672
Read key: 4673
Read key: 4674
Read key: 4675
Read key: 4676
Read key: 4677
Read key: 4678
Read key: 4679
Read key: 4680
Read key: 4681
Read key: 4682
Read key: 4683
Read key: 4684
Read key: 4685
Read key: 4686
Read key: 4687
Read key: 4688
Read key: 4689
Read key: 4690
Read key: 4691
Read key: 4692
Read key: 4693
Read key: 4694
Read key: 4695
Read key: 4696
Read key: 4697
Read key: 4698
Read key: 4699
Read key: 4700
Read key: 4701
Read key: 4702
Read key: 4703
Read key: 4704
Read key: 4705
Read key: 4706
Read key: 4707
Read key: 4708
Read key: 4709
Read key: 4710
Read key: 4711
Read key: 4712
Read key: 4713
Read key: 4714
Read key: 4715
Read key: 4716
Read key: 4717
Read key: 4718
Read key: 4719
Read key: 4720
Read key: 4721
Read key: 4722
Read key: 4723
Read key: 4724
Read key: 4725
Read key: 4726
Read key: 4727
Read key: 4728
Read key: 4729
Read key: 4730
Read key: 4731
Read key: 4732
Read key: 4733
Read key: 4734
Read key: 4735
Read key: 4736
Read key: 4737
Read key: 4738
Read key: 4739
Read key: 4740
Read key: 4741
Read key: 4742
Read key: 4743
Read key: 4744
Read key: 4745
Read key: 4746
Read key: 4747
Read key: 4748
Read key: 4749
Read key: 4750
Read key: 4751
Read key: 4752
Read key: 4753
Read key: 4754
Read key: 4755
Read key: 4756
Read key: 4757
Read key: 4758
Read key: 4759
Read key: 4760
Read key: 4761
Read key: 4762
Read key: 4763
Read key: 4764
Read key: 4765
Read key: 4766
Read key: 4767
Read key: 4768
Read key: 4769
Read key: 4770
Read key: 4771
Read key: 4772
Read key: 4773
Read key: 4774
Read key: 4775
Read key: 4776
Read key: 4777
Read key: 4778
Read key: 4779
Read key: 4780
Read key: 4781
Read key: 4782
Read key: 4783
Read key: 4784
Read key: 4785
Read key: 4786
Read key: 4787
Read key: 4788
Read key: 4789
Read key: 4790
Read key: 4791
Read key: 4792
Read key: 4793
Read key: 4794
Read key: 4795
Read key: 4796
Read key: 4797
Read key: 4798
Read key: 4799
Read key: 4800
Read key: 4801
Read key: 4802
Read key: 4803
Read key: 4804
Read key: 4805
Read key: 4806
Read key: 4807
Read key: 4808
Read key: 4809
Read key: 4810
Read key: 4811
Read key: 4812
Read key: 4813
Read key: 4814
Read key: 4815
Read key: 4816
Read key: 4817
Read key: 4818
Read key: 4819
Read key: 4820
Read key: 4821
Read key: 4822
Read key: 4823
Read key: 4824
Read key: 4825
Read key: 4826
Read key: 4827
Read key: 4828
Read key: 4829
Read key: 4830
Read key: 4831
Read key: 4832
Read key: 4833
Read key: 4834
Read key: 4835
Read key: 4836
Read key: 4837
Read key: 4838
Read key: 4839
Read key: 4840
Read key: 4841
Read key: 4842
Read key: 4843
Read key: 4844
Read key: 4845
Read key: 4846
Read key: 4847
Read key: 4848
Read key: 4849
Read key: 4850
Read key: 4851
Read key: 4852
Read key: 4853
Read key: 4854
Read key: 4855
Read key: 4856
Read key: 4857
Read key: 4858
Read key: 4859
Read key: 4860
Read key: 4861
Read key: 4862
Read key: 4863
Read key: 4864
Read key: 4865
Read key: 4866
Read key: 4867
Read key: 4868
Read key: 4869
Read key: 4870
Read key: 4871
Read key: 4872
Read key: 4873
Read key: 4874
Read key: 4875
Read key: 4876
Read key: 4877
Read key: 4878
Read key: 4879
Read key: 4880
Read key: 4881
Read key: 4882
Read key: 4883
Read key: 4884
Read key: 4885
Read key: 4886
Read key: 4887
Read key: 4888
Read key: 4889
Read key: 4890
Read key: 4891
Read key: 4892
Read key: 4893
Read key: 4894
Read key: 4895
Read key: 4896
Read key: 4897
Read key: 4898
Read key: 4899
Read key: 4900
Read key: 4901
Read key: 4902
Read key: 4903
Read key: 4904
Read key: 4905
Read key: 4906
Read key: 4907
Read key: 4908
Read key: 4909
Read key: 4910
Read key: 4911
Read key: 4912
Read key: 4913
Read key: 4914
Read key: 4915
Read key: 4916
Read key: 4917
Read key: 4918
Read key: 4919
Read key: 4920
Read key: 4921
Read key: 4922
Read key: 4923
Read key: 4924
Read key: 4925
Read key: 4926
Read key: 4927
Read key: 4928
Read key: 4929
Read key: 4930
Read key: 4931
Read key: 4932
Read key: 4933
Read key: 4934
Read key: 4935
Read key: 4936
Read key: 4937
Read key: 4938
Read key: 4939
Read key: 4940
Read key: 4941
Read key: 4942
Read key: 4943
Read key: 4944
Read key: 4945
Read key: 4946
Read key: 4947
Read key: 4948
Read key: 4949
Read key: 4950
Read key: 4951
Read key: 4952
Read key: 4953
Read key: 4954
Read key: 4955
Read key: 4956
Read key: 4957
Read key: 4958
Read key: 4959
Read key: 4960
Read key: 4961
Read key: 4962
Read key: 4963
Read key: 4964
Read key: 4965
Read key: 4966
Read key: 4967
Read key: 4968
Read key: 4969
Read key: 4970
Read key: 4971
Read key: 4972
Read key: 4973
Read key: 4974
Read key: 4975
Read key: 4976
Read key: 4977
Read key: 4978
Read key: 4979
Read key: 4980
Read key: 4981
Read key: 4982
Read key: 4983
Read key: 4984
Read key: 4985
Read key: 4986
Read key: 4987
Read key: 4988
Read key: 4989
Read key: 4990
Read key: 4991
Read key: 4992
Read key: 4993
Read key: 4994
Read key: 4995
Read key: 4996
Read key: 4997
Read key: 4998
Read key: 4999
Read key: 5000
Read key: 5001
Read key: 5002
Read key: 5003
Read key: 5004
Read key: 5005
Read key: 5006
Read key: 5007
Read key: 5008
Read key: 5009
Read key: 5010
Read key: 5011
Read key: 5012
Read key: 5013
Read key: 5014
Read key: 5015
Read key: 5016
Read key: 5017
Read key: 5018
Read key: 5019
Read key: 5020
Read key: 5021
Read key: 5022
Read key: 5023
Read key: 5024
Read key: 5025
Read key: 5026
Read key: 5027
Read key: 5028
Read key: 5029
Read key: 5030
Read key: 5031
Read key: 5032
Read key: 5033
Read key: 5034
Read key: 5035
Read key: 5036
Read key: 5037
Read key: 5038
Read key: 5039
Read key: 5040
Read key: 5041
Read key: 5042
Read key: 5043
Read key: 5044
Read key: 5045
Read key: 5046
Read key: 5047
Read key: 5048
Read key: 5049
Read key: 5050
Read key: 5051
Read key: 5052
Read key: 5053
Read key: 5054
Read key: 5055
Read key: 5056
Read key: 5057
Read key: 5058
Read key: 5059
Read key: 5060
Read key: 5061
Read key: 5062
Read key: 5063
Read key: 5064
Read key: 5065
Read key: 5066
Read key: 5067
Read key: 5068
Read key: 5069
Read key: 5070
Read key: 5071
Read key: 5072
Read key: 5073
Read key: 5074
Read key: 5075
Read key: 5076
Read key: 5077
Read key: 5078
Read key: 5079
Read key: 5080
Read key: 5081
Read key: 5082
Read key: 5083
Read key: 5084
Read key: 5085
Read key: 5086
Read key: 5087
Read key: 5088
Read key: 5089
Read key: 5090
Read key: 5091
Read key: 5092
Read key: 5093
Read key: 5094
Read key: 5095
Read key: 5096
Read key: 5097
Read key: 5098
Read key: 5099
Read key: 5100
Read key: 5101
Read key: 5102
Read key: 5103
Read key: 5104
Read key: 5105
Read key: 5106
Read key: 5107
Read key: 5108
Read key: 5109
Read key: 5110
Read key: 5111
Read key: 5112
Read key: 5113
Read key: 5114
Read key: 5115
Read key: 5116
Read key: 5117
Read key: 5118
Read key: 5119
Read key: 5120
Read key: 5121
Read key: 5122
Read key: 5123
Read key: 5124
Read key: 5125
Read key: 5126
Read key: 5127
Read key: 5128
Read key: 5129
Read key: 5130
Read key: 5131
Read key: 5132
Read key: 5133
Read key: 5134
Read key: 5135
Read key: 5136
Read key: 5137
Read key: 5138
Read key: 5139
Read key: 5140
Read key: 5141
Read key: 5142
Read key: 5143
Read key: 5144
Read key: 5145
Read key: 5146
Read key: 5147
Read key: 5148
Read key: 5149
Read key: 5150
Read key: 5151
Read key: 5152
Read key: 5153
Read key: 5154
Read key: 5155
Read key: 5156
Read key: 5157
Read key: 5158
Read key: 5159
Read key: 5160
Read key: 5161
Read key: 5162
Read key: 5163
Read key: 5164
Read key: 5165
Read key: 5166
Read key: 5167
Read key: 5168
Read key: 5169
Read key: 5170
Read key: 5171
Read key: 5172
Read key: 5173
Read key: 5174
Read key: 5175
Read key: 5176
Read key: 5177
Read key: 5178
Read key: 5179
Read key: 5180
Read key: 5181
Read key: 5182
Read key: 5183
Read key: 5184
Read key: 5185
Read key: 5186
Read key: 5187
Read key: 5188
Read key: 5189
Read key: 5190
Read key: 5191
Read key: 5192
Read key: 5193
Read key: 5194
Read key: 5195
Read key: 5196
Read key: 5197
Read key: 5198
Read key: 5199
Read key: 5200
Read key: 5201
Read key: 5202
Read key: 5203
Read key: 5204
Read key: 5205
Read key: 5206
Read key: 5207
Read key: 5208
Read key: 5209
Read key: 5210
Read key: 5211
Read key: 5212
Read key: 5213
Read key: 5214
Read key: 5215
Read key: 5216
[...]
Read key: 8709
Read key: 8710
Read key: 8711
Read key: 8712
Read key: 8713
Read key: 8714
Read key: 8715
Read key: 8716
Read key: 8717
Read key: 8718
Read key: 8719
Read key: 8720
Read key: 8721
Read key: 8722
Read key: 8723
Read key: 8724
Read key: 8725
Read key: 8726
Read key: 8727
Read key: 8728
Read key: 8729
Read key: 8730
Read key: 8731
Read key: 8732
Read key: 8733
Read key: 8734
Read key: 8735
Read key: 8736
Read key: 8737
Read key: 8738
Read key: 8739
Read key: 8740
Read key: 8741
Read key: 8742
Read key: 8743
Read key: 8744
Read key: 8745
Read key: 8746
Read key: 8747
Read key: 8748
Read key: 8749
Read key: 8750
Read key: 8751
Read key: 8752
Read key: 8753
Read key: 8754
Read key: 8755
Read key: 8756
Read key: 8757
Read key: 8758
Read key: 8759
Read key: 8760
Read key: 8761
Read key: 8762
Read key: 8763
Read key: 8764
Read key: 8765
Read key: 8766
Read key: 8767
Read key: 8768
Read key: 8769
Read key: 8770
Read key: 8771
Read key: 8772
Read key: 8773
Read key: 8774
Read key: 8775
Read key: 8776
Read key: 8777
Read key: 8778
Read key: 8779
Read key: 8780
Read key: 8781
Read key: 8782
Read key: 8783
Read key: 8784
Read key: 8785
Read key: 8786
Read key: 8787
Read key: 8788
Read key: 8789
Read key: 8790
Read key: 8791
Read key: 8792
Read key: 8793
Read key: 8794
Read key: 8795
Read key: 8796
Read key: 8797
Read key: 8798
Read key: 8799
Read key: 8800
Read key: 8801
Read key: 8802
Read key: 8803
Read key: 8804
Read key: 8805
Read key: 8806
Read key: 8807
Read key: 8808
Read key: 8809
Read key: 8810
Read key: 8811
Read key: 8812
Read key: 8813
Read key: 8814
Read key: 8815
Read key: 8816
Read key: 8817
Read key: 8818
Read key: 8819
Read key: 8820
Read key: 8821
Read key: 8822
Read key: 8823
Read key: 8824
Read key: 8825
Read key: 8826
Read key: 8827
Read key: 8828
Read key: 8829
Read key: 8830
Read key: 8831
Read key: 8832
Read key: 8833
Read key: 8834
Read key: 8835
Read key: 8836
Read key: 8837
Read key: 8838
Read key: 8839
Read key: 8840
Read key: 8841
Read key: 8842
Read key: 8843
Read key: 8844
Read key: 8845
Read key: 8846
Read key: 8847
Read key: 8848
Read key: 8849
Read key: 8850
Read key: 8851
Read key: 8852
Read key: 8853
Read key: 8854
Read key: 8855
Read key: 8856
Read key: 8857
Read key: 8858
Read key: 8859
Read key: 8860
Read key: 8861
Read key: 8862
Read key: 8863
Read key: 8864
Read key: 8865
Read key: 8866
Read key: 8867
Read key: 8868
Read key: 8869
Read key: 8870
Read key: 8871
Read key: 8872
Read key: 8873
Read key: 8874
Read key: 8875
Read key: 8876
Read key: 8877
Read key: 8878
Read key: 8879
Read key: 8880
Read key: 8881
Read key: 8882
Read key: 8883
Read key: 8884
Read key: 8885
Read key: 8886
Read key: 8887
Read key: 8888
Read key: 8889
Read key: 8890
Read key: 8891
Read key: 8892
Read key: 8893
Read key: 8894
Read key: 8895
Read key: 8896
Read key: 8897
Read key: 8898
Read key: 8899
Read key: 8900
Read key: 8901
Read key: 8902
Read key: 8903
Read key: 8904
Read key: 8905
Read key: 8906
Read key: 8907
Read key: 8908
Read key: 8909
Read key: 8910
Read key: 8911
Read key: 8912
Read key: 8913
Read key: 8914
Read key: 8915
Read key: 8916
Read key: 8917
Read key: 8918
Read key: 8919
Read key: 8920
Read key: 8921
Read key: 8922
Read key: 8923
Read key: 8924
Read key: 8925
Read key: 8926
Read key: 8927
Read key: 8928
Read key: 8929
Read key: 8930
Read key: 8931
Read key: 8932
Read key: 8933
Read key: 8934
Read key: 8935
Read key: 8936
Read key: 8937
Read key: 8938
Read key: 8939
Read key: 8940
Read key: 8941
Read key: 8942
Read key: 8943
Read key: 8944
Read key: 8945
Read key: 8946
Read key: 8947
Read key: 8948
Read key: 8949
Read key: 8950
Read key: 8951
Read key: 8952
Read key: 8953
Read key: 8954
Read key: 8955
Read key: 8956
Read key: 8957
Read key: 8958
Read key: 8959
Read key: 8960
Read key: 8961
Read key: 8962
Read key: 8963
Read key: 8964
Read key: 8965
Read key: 8966
Read key: 8967
Read key: 8968
Read key: 8969
Read key: 8970
Read key: 8971
Read key: 8972
Read key: 8973
Read key: 8974
Read key: 8975
Read key: 8976
Read key: 8977
Read key: 8978
Read key: 8979
Read key: 8980
Read key: 8981
Read key: 8982
Read key: 8983
Read key: 8984
Read key: 8985
Read key: 8986
Read key: 8987
Read key: 8988
Read key: 8989
Read key: 8990
Read key: 8991
Read key: 8992
Read key: 8993
Read key: 8994
Read key: 8995
Read key: 8996
Read key: 8997
Read key: 8998
Read key: 8999
Read key: 9000
Read key: 9001
Read key: 9002
Read key: 9003
Read key: 9004
Read key: 9005
Read key: 9006
Read key: 9007
Read key: 9008
Read key: 9009
Read key: 9010
Read key: 9011
Read key: 9012
Read key: 9013
Read key: 9014
Read key: 9015
Read key: 9016
Read key: 9017
Read key: 9018
Read key: 9019
Read key: 9020
Read key: 9021
Read key: 9022
Read key: 9023
Read key: 9024
Read key: 9025
Read key: 9026
Read key: 9027
Read key: 9028
Read key: 9029
Read key: 9030
Read key: 9031
Read key: 9032
Read key: 9033
Read key: 9034
Read key: 9035
Read key: 9036
Read key: 9037
Read key: 9038
Read key: 9039
Read key: 9040
Read key: 9041
Read key: 9042
Read key: 9043
Read key: 9044
Read key: 9045
Read key: 9046
Read key: 9047
Read key: 9048
Read key: 9049
Read key: 9050
Read key: 9051
Read key: 9052
Read key: 9053
Read key: 9054
Read key: 9055
Read key: 9056
Read key: 9057
Read key: 9058
Read key: 9059
Read key: 9060
Read key: 9061
Read key: 9062
Read key: 9063
Read key: 9064
Read key: 9065
Read key: 9066
Read key: 9067
Read key: 9068
Read key: 9069
Read key: 9070
Read key: 9071
Read key: 9072
Read key: 9073
Read key: 9074
Read key: 9075
Read key: 9076
Read key: 9077
Read key: 9078
Read key: 9079
Read key: 9080
Read key: 9081
Read key: 9082
Read key: 9083
Read key: 9084
Read key: 9085
Read key: 9086
Read key: 9087
Read key: 9088
Read key: 9089
Read key: 9090
Read key: 9091
Read key: 9092
Read key: 9093
Read key: 9094
Read key: 9095
Read key: 9096
Read key: 9097
Read key: 9098
Read key: 9099
Read key: 9100
Read key: 9101
Read key: 9102
Read key: 9103
Read key: 9104
Read key: 9105
Read key: 9106
Read key: 9107
Read key: 9108
Read key: 9109
Read key: 9110
Read key: 9111
Read key: 9112
Read key: 9113
Read key: 9114
Read key: 9115
Read key: 9116
Read key: 9117
Read key: 9118
Read key: 9119
Read key: 9120
Read key: 9121
Read key: 9122
Read key: 9123
Read key: 9124
Read key: 9125
Read key: 9126
Read key: 9127
Read key: 9128
Read key: 9129
Read key: 9130
Read key: 9131
Read key: 9132
Read key: 9133
Read key: 9134
Read key: 9135
Read key: 9136
Read key: 9137
Read key: 9138
Read key: 9139
Read key: 9140
Read key: 9141
Read key: 9142
Read key: 9143
Read key: 9144
Read key: 9145
Read key: 9146
Read key: 9147
Read key: 9148
Read key: 9149
Read key: 9150
Read key: 9151
Read key: 9152
Read key: 9153
Read key: 9154
Read key: 9155
Read key: 9156
Read key: 9157
Read key: 9158
Read key: 9159
Read key: 9160
Read key: 9161
Read key: 9162
Read key: 9163
Read key: 9164
Read key: 9165
Read key: 9166
Read key: 9167
Read key: 9168
Read key: 9169
Read key: 9170
Read key: 9171
Read key: 9172
Read key: 9173
Read key: 9174
Read key: 9175
Read key: 9176
Read key: 9177
Read key: 9178
Read key: 9179
Read key: 9180
Read key: 9181
Read key: 9182
Read key: 9183
Read key: 9184
Read key: 9185
Read key: 9186
Read key: 9187
Read key: 9188
Read key: 9189
Read key: 9190
Read key: 9191
Read key: 9192
Read key: 9193
Read key: 9194
Read key: 9195
Read key: 9196
Read key: 9197
Read key: 9198
Read key: 9199
Read key: 9200
Read key: 9201
Read key: 9202
Read key: 9203
Read key: 9204
Read key: 9205
Read key: 9206
Read key: 9207
Read key: 9208
Read key: 9209
Read key: 9210
Read key: 9211
Read key: 9212
Read key: 9213
Read key: 9214
Read key: 9215
Read key: 9216
Read key: 9217
Read key: 9218
Read key: 9219
Read key: 9220
Read key: 9221
Read key: 9222
Read key: 9223
Read key: 9224
Read key: 9225
Read key: 9226
Read key: 9227
Read key: 9228
Read key: 9229
Read key: 9230
Read key: 9231
Read key: 9232
Read key: 9233
Read key: 9234
Read key: 9235
Read key: 9236
Read key: 9237
Read key: 9238
Read key: 9239
Read key: 9240
Read key: 9241
Read key: 9242
Read key: 9243
Read key: 9244
Read key: 9245
Read key: 9246
Read key: 9247
Read key: 9248
Read key: 9249
Read key: 9250
Read key: 9251
Read key: 9252
Read key: 9253
Read key: 9254
Read key: 9255
Read key: 9256
Read key: 9257
Read key: 9258
Read key: 9259
Read key: 9260
Read key: 9261
Read key: 9262
Read key: 9263
Read key: 9264
Read key: 9265
Read key: 9266
Read key: 9267
Read key: 9268
Read key: 9269
Read key: 9270
Read key: 9271
Read key: 9272
Read key: 9273
Read key: 9274
Read key: 9275
Read key: 9276
Read key: 9277
Read key: 9278
Read key: 9279
Read key: 9280
Read key: 9281
Read key: 9282
Read key: 9283
Read key: 9284
Read key: 9285
Read key: 9286
Read key: 9287
Read key: 9288
Read key: 9289
Read key: 9290
Read key: 9291
Read key: 9292
Read key: 9293
Read key: 9294
Read key: 9295
Read key: 9296
Read key: 9297
Read key: 9298
Read key: 9299
Read key: 9300
Read key: 9301
Read key: 9302
Read key: 9303
Read key: 9304
Read key: 9305
Read key: 9306
Read key: 9307
Read key: 9308
Read key: 9309
Read key: 9310
Read key: 9311
Read key: 9312
Read key: 9313
Read key: 9314
Read key: 9315
Read key: 9316
Read key: 9317
Read key: 9318
Read key: 9319
Read key: 9320
Read key: 9321
Read key: 9322
Read key: 9323
Read key: 9324
Read key: 9325
Read key: 9326
Read key: 9327
Read key: 9328
Read key: 9329
Read key: 9330
Read key: 9331
Read key: 9332
Read key: 9333
Read key: 9334
Read key: 9335
Read key: 9336
Read key: 9337
Read key: 9338
Read key: 9339
Read key: 9340
Read key: 9341
Read key: 9342
Read key: 9343
Read key: 9344
Read key: 9345
Read key: 9346
Read key: 9347
Read key: 9348
Read key: 9349
Read key: 9350
Read key: 9351
Read key: 9352
Read key: 9353
Read key: 9354
Read key: 9355
Read key: 9356
Read key: 9357
Read key: 9358
Read key: 9359
Read key: 9360
Read key: 9361
Read key: 9362
Read key: 9363
Read key: 9364
Read key: 9365
Read key: 9366
Read key: 9367
Read key: 9368
Read key: 9369
Read key: 9370
Read key: 9371
Read key: 9372
Read key: 9373
Read key: 9374
Read key: 9375
Read key: 9376
Read key: 9377
Read key: 9378
Read key: 9379
Read key: 9380
Read key: 9381
Read key: 9382
Read key: 9383
Read key: 9384
Read key: 9385
Read key: 9386
Read key: 9387
Read key: 9388
Read key: 9389
Read key: 9390
Read key: 9391
Read key: 9392
Read key: 9393
Read key: 9394
Read key: 9395
Read key: 9396
Read key: 9397
Read key: 9398
Read key: 9399
Read key: 9400
Read key: 9401
Read key: 9402
Read key: 9403
Read key: 9404
Read key: 9405
Read key: 9406
Read key: 9407
Read key: 9408
Read key: 9409
Read key: 9410
Read key: 9411
Read key: 9412
Read key: 9413
Read key: 9414
Read key: 9415
Read key: 9416
Read key: 9417
Read key: 9418
Read key: 9419
Read key: 9420
Read key: 9421
Read key: 9422
Read key: 9423
Read key: 9424
Read key: 9425
Read key: 9426
Read key: 9427
Read key: 9428
Read key: 9429
Read key: 9430
Read key: 9431
Read key: 9432
Read key: 9433
Read key: 9434
Read key: 9435
Read key: 9436
Read key: 9437
Read key: 9438
Read key: 9439
Read key: 9440
Read key: 9441
Read key: 9442
Read key: 9443
Read key: 9444
Read key: 9445
Read key: 9446
Read key: 9447
Read key: 9448
Read key: 9449
Read key: 9450
Read key: 9451
Read key: 9452
Read key: 9453
Read key: 9454
Read key: 9455
Read key: 9456
Read key: 9457
Read key: 9458
Read key: 9459
Read key: 9460
Read key: 9461
Read key: 9462
Read key: 9463
Read key: 9464
Read key: 9465
Read key: 9466
Read key: 9467
Read key: 9468
Read key: 9469
Read key: 9470
Read key: 9471
Read key: 9472
Read key: 9473
Read key: 9474
Read key: 9475
Read key: 9476
Read key: 9477
Read key: 9478
Read key: 9479
Read key: 9480
Read key: 9481
Read key: 9482
Read key: 9483
Read key: 9484
Read key: 9485
Read key: 9486
Read key: 9487
Read key: 9488
Read key: 9489
Read key: 9490
Read key: 9491
Read key: 9492
Read key: 9493
Read key: 9494
Read key: 9495
Read key: 9496
Read key: 9497
Read key: 9498
Read key: 9499
Read key: 9500
Read key: 9501
Read key: 9502
Read key: 9503
Read key: 9504
Read key: 9505
Read key: 9506
Read key: 9507
Read key: 9508
Read key: 9509
Read key: 9510
Read key: 9511
Read key: 9512
Read key: 9513
Read key: 9514
Read key: 9515
Read key: 9516
Read key: 9517
Read key: 9518
Read key: 9519
Read key: 9520
Read key: 9521
Read key: 9522
Read key: 9523
Read key: 9524
Read key: 9525
Read key: 9526
Read key: 9527
Read key: 9528
Read key: 9529
Read key: 9530
Read key: 9531
Read key: 9532
Read key: 9533
Read key: 9534
Read key: 9535
Read key: 9536
Read key: 9537
Read key: 9538
Read key: 9539
Read key: 9540
Read key: 9541
Read key: 9542
Read key: 9543
Read key: 9544
Read key: 9545
Read key: 9546
Read key: 9547
Read key: 9548
Read key: 9549
Read key: 9550
Read key: 9551
Read key: 9552
Read key: 9553
Read key: 9554
Read key: 9555
Read key: 9556
Read key: 9557
Read key: 9558
Read key: 9559
Read key: 9560
Read key: 9561
Read key: 9562
Read key: 9563
Read key: 9564
Read key: 9565
Read key: 9566
Read key: 9567
Read key: 9568
Read key: 9569
Read key: 9570
Read key: 9571
Read key: 9572
Read key: 9573
Read key: 9574
Read key: 9575
Read key: 9576
Read key: 9577
Read key: 9578
Read key: 9579
Read key: 9580
Read key: 9581
Read key: 9582
Read key: 9583
Read key: 9584
Read key: 9585
Read key: 9586
Read key: 9587
Read key: 9588
Read key: 9589
Read key: 9590
Read key: 9591
Read key: 9592
Read key: 9593
Read key: 9594
Read key: 9595
Read key: 9596
Read key: 9597
Read key: 9598
Read key: 9599
Read key: 9600
Read key: 9601
Read key: 9602
Read key: 9603
Read key: 9604
Read key: 9605
Read key: 9606
Read key: 9607
Read key: 9608
Read key: 9609
Read key: 9610
Read key: 9611
Read key: 9612
Read key: 9613
Read key: 9614
Read key: 9615
Read key: 9616
Read key: 9617
Read key: 9618
Read key: 9619
Read key: 9620
Read key: 9621
Read key: 9622
Read key: 9623
Read key: 9624
Read key: 9625
Read key: 9626
Read key: 9627
Read key: 9628
Read key: 9629
Read key: 9630
Read key: 9631
Read key: 9632
Read key: 9633
Read key: 9634
Read key: 9635
Read key: 9636
Read key: 9637
Read key: 9638
Read key: 9639
Read key: 9640
Read key: 9641
Read key: 9642
Read key: 9643
Read key: 9644
Read key: 9645
Read key: 9646
Read key: 9647
Read key: 9648
Read key: 9649
Read key: 9650
Read key: 9651
Read key: 9652
Read key: 9653
Read key: 9654
Read key: 9655
Read key: 9656
Read key: 9657
Read key: 9658
Read key: 9659
Read key: 9660
Read key: 9661
Read key: 9662
Read key: 9663
Read key: 9664
Read key: 9665
Read key: 9666
Read key: 9667
Read key: 9668
Read key: 9669
Read key: 9670
Read key: 9671
Read key: 9672
Read key: 9673
Read key: 9674
Read key: 9675
Read key: 9676
Read key: 9677
Read key: 9678
Read key: 9679
Read key: 9680
Read key: 9681
Read key: 9682
Read key: 9683
Read key: 9684
Read key: 9685
Read key: 9686
Read key: 9687
Read key: 9688
Read key: 9689
Read key: 9690
Read key: 9691
Read key: 9692
Read key: 9693
Read key: 9694
Read key: 9695
Read key: 9696
Read key: 9697
Read key: 9698
Read key: 9699
Read key: 9700
Read key: 9701
Read key: 9702
Read key: 9703
Read key: 9704
Read key: 9705
Read key: 9706
Read key: 9707
Read key: 9708
Read key: 9709
Read key: 9710
Read key: 9711
Read key: 9712
Read key: 9713
Read key: 9714
Read key: 9715
Read key: 9716
Read key: 9717
Read key: 9718
Read key: 9719
Read key: 9720
Read key: 9721
Read key: 9722
Read key: 9723
Read key: 9724
Read key: 9725
Read key: 9726
Read key: 9727
Read key: 9728
Read key: 9729
Read key: 9730
Read key: 9731
Read key: 9732
Read key: 9733
Read key: 9734
Read key: 9735
Read key: 9736
Read key: 9737
Read key: 9738
Read key: 9739
Read key: 9740
Read key: 9741
Read key: 9742
Read key: 9743
Read key: 9744
Read key: 9745
Read key: 9746
Read key: 9747
Read key: 9748
Read key: 9749
Read key: 9750
Read key: 9751
Read key: 9752
Read key: 9753
Read key: 9754
Read key: 9755
Read key: 9756
Read key: 9757
Read key: 9758
Read key: 9759
Read key: 9760
Read key: 9761
Read key: 9762
Read key: 9763
Read key: 9764
Read key: 9765
Read key: 9766
Read key: 9767
Read key: 9768
Read key: 9769
Read key: 9770
Read key: 9771
Read key: 9772
Read key: 9773
Read key: 9774
Read key: 9775
Read key: 9776
Read key: 9777
Read key: 9778
Read key: 9779
Read key: 9780
Read key: 9781
Read key: 9782
Read key: 9783
Read key: 9784
Read key: 9785
Read key: 9786
Read key: 9787
Read key: 9788
Read key: 9789
Read key: 9790
Read key: 9791
Read key: 9792
Read key: 9793
Read key: 9794
Read key: 9795
Read key: 9796
Read key: 9797
Read key: 9798
Read key: 9799
Read key: 9800
Read key: 9801
Read key: 9802
Read key: 9803
Read key: 9804
Read key: 9805
Read key: 9806
Read key: 9807
Read key: 9808
Read key: 9809
Read key: 9810
Read key: 9811
Read key: 9812
Read key: 9813
Read key: 9814
Read key: 9815
Read key: 9816
Read key: 9817
Read key: 9818
Read key: 9819
Read key: 9820
Read key: 9821
Read key: 9822
Read key: 9823
Read key: 9824
Read key: 9825
Read key: 9826
Read key: 9827
Read key: 9828
Read key: 9829
Read key: 9830
Read key: 9831
Read key: 9832
Read key: 9833
Read key: 9834
Read key: 9835
Read key: 9836
Read key: 9837
Read key: 9838
Read key: 9839
Read key: 9840
Read key: 9841
Read key: 9842
Read key: 9843
Read key: 9844
Read key: 9845
Read key: 9846
Read key: 9847
Read key: 9848
Read key: 9849
Read key: 9850
Read key: 9851
Read key: 9852
Read key: 9853
Read key: 9854
Read key: 9855
Read key: 9856
Read key: 9857
Read key: 9858
Read key: 9859
Read key: 9860
Read key: 9861
Read key: 9862
Read key: 9863
Read key: 9864
Read key: 9865
Read key: 9866
Read key: 9867
Read key: 9868
Read key: 9869
Read key: 9870
Read key: 9871
Read key: 9872
Read key: 9873
Read key: 9874
Read key: 9875
Read key: 9876
Read key: 9877
Read key: 9878
Read key: 9879
Read key: 9880
Read key: 9881
Read key: 9882
Read key: 9883
Read key: 9884
Read key: 9885
Read key: 9886
Read key: 9887
Read key: 9888
Read key: 9889
Read key: 9890
Read key: 9891
Read key: 9892
Read key: 9893
Read key: 9894
Read key: 9895
Read key: 9896
Read key: 9897
Read key: 9898
Read key: 9899
Read key: 9900
Read key: 9901
Read key: 9902
Read key: 9903
Read key: 9904
Read key: 9905
Read key: 9906
Read key: 9907
Read key: 9908
Read key: 9909
Read key: 9910
Read key: 9911
Read key: 9912
Read key: 9913
Read key: 9914
Read key: 9915
Read key: 9916
Read key: 9917
Read key: 9918
Read key: 9919
Read key: 9920
Read key: 9921
Read key: 9922
Read key: 9923
Read key: 9924
Read key: 9925
Read key: 9926
Read key: 9927
Read key: 9928
Read key: 9929
Read key: 9930
Read key: 9931
Read key: 9932
Read key: 9933
Read key: 9934
Read key: 9935
Read key: 9936
Read key: 9937
Read key: 9938
Read key: 9939
Read key: 9940
Read key: 9941
Read key: 9942
Read key: 9943
Read key: 9944
Read key: 9945
Read key: 9946
Read key: 9947
Read key: 9948
Read key: 9949
Read key: 9950
Read key: 9951
Read key: 9952
Read key: 9953
Read key: 9954
Read key: 9955
Read key: 9956
Read key: 9957
Read key: 9958
Read key: 9959
Read key: 9960
Read key: 9961
Read key: 9962
Read key: 9963
Read key: 9964
Read key: 9965
Read key: 9966
Read key: 9967
Read key: 9968
Read key: 9969
Read key: 9970
Read key: 9971
Read key: 9972
Read key: 9973
Read key: 9974
Read key: 9975
Read key: 9976
Read key: 9977
Read key: 9978
Read key: 9979
Read key: 9980
Read key: 9981
Read key: 9982
Read key: 9983
Read key: 9984
Read key: 9985
Read key: 9986
Read key: 9987
Read key: 9988
Read key: 9989
Read key: 9990
Read key: 9991
Read key: 9992
Read key: 9993
Read key: 9994
Read key: 9995
Read key: 9996
Read key: 9997
Read key: 9998
Read key: 9999
Read key: 10000

Finished reading file. Total keys loaded: 10000
]]></system-out>
  </testcase>
  <testcase name="testFileWithSpecialCharacters(Path)" classname="edu.jhu.algos.io.HashFileHandlerTest" time="0.007">
    <system-out><![CDATA[Reading file: /tmp/junit1531743786855048607/test_special_chars.txt
Read key: 12501
Read key: 84763
Read key: 99999

Finished reading file. Total keys loaded: 3
]]></system-out>
    <system-err><![CDATA[Warning: Skipping invalid input -> "# Comment line" (Not a valid integer)
Warning: Skipping invalid input -> "%$$" (Not a valid integer)
]]></system-err>
  </testcase>
</testsuite>