<?xml version="1.0" encoding="UTF-8"?>
<testsuite xmlns:xsi="http://www.w3.org/2001/XMLSchema-instance" xsi:noNamespaceSchemaLocation="https://maven.apache.org/surefire/maven-surefire-plugin/xsd/surefire-test-report-3.0.xsd" version="3.0" name="edu.jhu.algos.HashingDriverTest" time="2.08" tests="10" errors="0" skipped="0" failures="0">
  <properties>
[...]
</properties>
  <testcase name="testEmptyInputList" classname="edu.jhu.algos.HashingDriverTest" time="0.011">
    <system-err><![CDATA[Error: Input key list is empty or null.
]]></system-err>
  </testcase>
  <testcase name="testInvalidSchemeNumberTooHigh" classname="edu.jhu.algos.HashingDriverTest" time="0.01">
    <system-err><![CDATA[Error: Invalid scheme number → 15
]]></system-err>
  </testcase>
  <testcase name="testCustomSchemes_12to14" classname="edu.jhu.algos.HashingDriverTest" time="0.054">
    <system-out><![CDATA[original input:
5, 18, 23, 42, 57, 
67, 99

scheme 12 (custom) - modulo: N/A, bucket size: 1, linear
# of primary collisions: 2, secondary collisions: 0, total collisions: 2
# of comparisons: 9, records inserted: 7, load factor: 0.058333

99      None    None    None    None    
None    None    None    None    None    
None    None    None    None    None    
None    None    5       None    None    
None    None    None    None    None    
None    None    None    None    None    
None    None    None    None    18      
42      None    None    None    None    
None    None    None    None    None    
None    None    None    None    None    
None    23      None    None    None    
None    None    None    None    None    
None    None    None    None    None    
None    None    None    None    None    
None    None    None    None    None    
None    None    None    None    None    
None    None    None    None    None    
57      None    None    None    None    
None    None    None    None    None    
None    None    None    None    None    
None    None    None    None    None    
None    None    None    None    None    
None    None    None    None    None    
None    None    None    None    67      

Execution Time: 2.122e-04 seconds
Memory Usage: 0.000e+00 bytes
original input:
5, 18, 23, 42, 57, 
67, 99

scheme 13 (custom) - modulo: N/A, bucket size: 1, quadratic
# of primary collisions: 2, secondary collisions: 0, total collisions: 2
# of comparisons: 9, records inserted: 7, load factor: 0.058333

99      None    None    None    None    
None    None    None    None    None    
None    None    None    None    None    
None    None    5       None    None    
None    None    None    None    None    
None    None    None    None    None    
None    None    None    None    18      
42      None    None    None    None    
None    None    None    None    None    
None    None    None    None    None    
None    23      None    None    None    
None    None    None    None    None    
None    None    None    None    None    
None    None    None    None    None    
None    None    None    None    None    
None    None    None    None    None    
None    None    None    None    None    
57      None    None    None    None    
None    None    None    None    None    
None    None    None    None    None    
None    None    None    None    None    
None    None    None    None    None    
None    None    None    None    None    
None    None    None    None    67      

Execution Time: 4.881e-05 seconds
Memory Usage: 0.000e+00 bytes
original input:
5, 18, 23, 42, 57, 
67, 99

scheme 14 (custom) - modulo: N/A, bucket size: 1, chaining
# of collisions: 2
# of comparisons: 2, records inserted: 7, load factor: 0.058333

None                None                None                None                None                
None                None                None                None                None                
None                None                None                None                None                
None                None                5 -> None           None                None                
None                None                None                None                None                
None                None                None                None                None                
None                None                None                None                42 -> 18 -> None    
None                None                None                None                None                
None                None                None                None                None                
None                None                None                None                None                
None                23 -> None          None                None                None                
None                None                None                None                None                
None                None                None                None                None                
None                None                None                None                None                
None                None                None                None                None                
None                None                None                None                None                
None                None                None                None                None                
57 -> None          None                None                None                None                
None                None                None                None                None                
None                None                None                None                None                
None                None                None                None                None                
None                None                None                None                None                
None                None                None                None                None                
None                None                None                None                99 -> 67 -> None    

Execution Time: 3.235e-05 seconds
Memory Usage: 0.000e+00 bytes
]]></system-out>
  </testcase>
  <testcase name="testInvalidSchemeNumberTooLow" classname="edu.jhu.algos.HashingDriverTest" time="0.002">
    <system-err><![CDATA[Error: Invalid scheme number → 0
]]></system-err>
  </testcase>
  <testcase name="testValidSchemes_1to11" classname="edu.jhu.algos.HashingDriverTest" time="0.108">
    <system-out><![CDATA[original input:
5, 18, 23, 42, 57, 
67, 99

scheme 1 (division) - modulo: 120, bucket size: 1, linear
# of primary collisions: 0, secondary collisions: 0, total collisions: 0
# of comparisons: 7, records inserted: 7, load factor: 0.058333

None    None    None    None    None    
5       None    None    None    None    
None    None    None    None    None    
None    None    None    18      None    
None    None    None    23      None    
None    None    None    None    None    
None    None    None    None    None    
None    None    None    None    None    
None    None    42      None    None    
None    None    None    None    None    
None    None    None    None    None    
None    None    57      None    None    
None    None    None    None    None    
None    None    67      None    None    
None    None    None    None    None    
None    None    None    None    None    
None    None    None    None    None    
None    None    None    None    None    
None    None    None    None    None    
None    None    None    None    99      
None    None    None    None    None    
None    None    None    None    None    
None    None    None    None    None    
None    None    None    None    None    

Execution Time: 2.536e-05 seconds
Memory Usage: 0.000e+00 bytes
original input:
5, 18, 23, 42, 57, 
67, 99

scheme 2 (division) - modulo: 120, bucket size: 1, quadratic
# of primary collisions: 0, secondary collisions: 0, total collisions: 0
# of comparisons: 7, records inserted: 7, load factor: 0.058333

None    None    None    None    None    
5       None    None    None    None    
None    None    None    None    None    
None    None    None    18      None    
None    None    None    23      None    
None    None    None    None    None    
None    None    None    None    None    
None    None    None    None    None    
None    None    42      None    None    
None    None    None    None    None    
None    None    None    None    None    
None    None    57      None    None    
None    None    None    None    None    
None    None    67      None    None    
None    None    None    None    None    
None    None    None    None    None    
None    None    None    None    None    
None    None    None    None    None    
None    None    None    None    None    
None    None    None    None    99      
None    None    None    None    None    
None    None    None    None    None    
None    None    None    None    None    
None    None    None    None    None    

Execution Time: 4.416e-05 seconds
Memory Usage: 0.000e+00 bytes
original input:
5, 18, 23, 42, 57, 
67, 99

scheme 3 (division) - modulo: 120, bucket size: 1, chaining
# of collisions: 0
# of comparisons: 0, records inserted: 7, load factor: 0.058333

None                None                None                None                None                
5 -> None           None                None                None                None                
None                None                None                None                None                
None                None                None                18 -> None          None                
None                None                None                23 -> None          None                
None                None                None                None                None                
None                None                None                None                None                
None                None                None                None                None                
None                None                42 -> None          None                None                
None                None                None                None                None                
None                None                None                None                None                
None                None                57 -> None          None                None                
None                None                None                None                None                
None                None                67 -> None          None                None                
None                None                None                None                None                
None                None                None                None                None                
None                None                None                None                None                
None                None                None                None                None                
None                None                None                None                None                
None                None                None                None                99 -> None          
None                None                None                None                None                
None                None                None                None                None                
None                None                None                None                None                
None                None                None                None                None                

Execution Time: 5.217e-05 seconds
Memory Usage: 0.000e+00 bytes
original input:
5, 18, 23, 42, 57, 
67, 99

scheme 4 (division) - modulo: 127, bucket size: 1, linear
# of primary collisions: 0, secondary collisions: 0, total collisions: 0
# of comparisons: 7, records inserted: 7, load factor: 0.058333

None    None    None    None    None    
5       None    None    None    None    
None    None    None    None    None    
None    None    None    18      None    
None    None    None    23      None    
None    None    None    None    None    
None    None    None    None    None    
None    None    None    None    None    
None    None    42      None    None    
None    None    None    None    None    
None    None    None    None    None    
None    None    57      None    None    
None    None    None    None    None    
None    None    67      None    None    
None    None    None    None    None    
None    None    None    None    None    
None    None    None    None    None    
None    None    None    None    None    
None    None    None    None    None    
None    None    None    None    99      
None    None    None    None    None    
None    None    None    None    None    
None    None    None    None    None    
None    None    None    None    None    

Execution Time: 3.199e-05 seconds
Memory Usage: 0.000e+00 bytes
original input:
5, 18, 23, 42, 57, 
67, 99

scheme 5 (division) - modulo: 127, bucket size: 1, quadratic
# of primary collisions: 0, secondary collisions: 0, total collisions: 0
# of comparisons: 7, records inserted: 7, load factor: 0.058333

None    None    None    None    None    
5       None    None    None    None    
None    None    None    None    None    
None    None    None    18      None    
None    None    None    23      None    
None    None    None    None    None    
None    None    None    None    None    
None    None    None    None    None    
None    None    42      None    None    
None    None    None    None    None    
None    None    None    None    None    
None    None    57      None    None    
None    None    None    None    None    
None    None    67      None    None    
None    None    None    None    None    
None    None    None    None    None    
None    None    None    None    None    
None    None    None    None    None    
None    None    None    None    None    
None    None    None    None    99      
None    None    None    None    None    
None    None    None    None    None    
None    None    None    None    None    
None    None    None    None    None    

Execution Time: 4.620e-05 seconds
Memory Usage: 0.000e+00 bytes
original input:
5, 18, 23, 42, 57, 
67, 99

scheme 6 (division) - modulo: 127, bucket size: 1, chaining
# of collisions: 0
# of comparisons: 0, records inserted: 7, load factor: 0.058333

None                None                None                None                None                
5 -> None           None                None                None                None                
None                None                None                None                None                
None                None                None                18 -> None          None                
None                None                None                23 -> None          None                
None                None                None                None                None                
None                None                None                None                None                
None                None                None                None                None                
None                None                42 -> None          None                None                
None                None                None                None                None                
None                None                None                None                None                
None                None                57 -> None          None                None                
None                None                None                None                None                
None                None                67 -> None          None                None                
None                None                None                None                None                
None                None                None                None                None                
None                None                None                None                None                
None                None                None                None                None                
None                None                None                None                None                
None                None                None                None                99 -> None          
None                None                None                None                None                
None                None                None                None                None                
None                None                None                None                None                
None                None                None                None                None                

Execution Time: 2.669e-05 seconds
Memory Usage: 0.000e+00 bytes
original input:
5, 18, 23, 42, 57, 
67, 99

scheme 7 (division) - modulo: 113, bucket size: 1, linear
# of primary collisions: 0, secondary collisions: 0, total collisions: 0
# of comparisons: 7, records inserted: 7, load factor: 0.058333

None    None    None    None    None    
5       None    None    None    None    
None    None    None    None    None    
None    None    None    18      None    
None    None    None    23      None    
None    None    None    None    None    
None    None    None    None    None    
None    None    None    None    None    
None    None    42      None    None    
None    None    None    None    None    
None    None    None    None    None    
None    None    57      None    None    
None    None    None    None    None    
None    None    67      None    None    
None    None    None    None    None    
None    None    None    None    None    
None    None    None    None    None    
None    None    None    None    None    
None    None    None    None    None    
None    None    None    None    99      
None    None    None    None    None    
None    None    None    None    None    
None    None    None    None    None    
None    None    None    None    None    

Execution Time: 2.866e-05 seconds
Memory Usage: 0.000e+00 bytes
original input:
5, 18, 23, 42, 57, 
67, 99

scheme 8 (division) - modulo: 113, bucket size: 1, quadratic
# of primary collisions: 0, secondary collisions: 0, total collisions: 0
# of comparisons: 7, records inserted: 7, load factor: 0.058333

None    None    None    None    None    
5       None    None    None    None    
None    None    None    None    None    
None    None    None    18      None    
None    None    None    23      None    
None    None    None    None    None    
None    None    None    None    None    
None    None    None    None    None    
None    None    42      None    None    
None    None    None    None    None    
None    None    None    None    None    
None    None    57      None    None    
None    None    None    None    None    
None    None    67      None    None    
None    None    None    None    None    
None    None    None    None    None    
None    None    None    None    None    
None    None    None    None    None    
None    None    None    None    None    
None    None    None    None    99      
None    None    None    None    None    
None    None    None    None    None    
None    None    None    None    None    
None    None    None    None    None    

Execution Time: 5.027e-05 seconds
Memory Usage: 0.000e+00 bytes
original input:
5, 18, 23, 42, 57, 
67, 99

scheme 9 (division) - modulo: 113, bucket size: 1, chaining
# of collisions: 0
# of comparisons: 0, records inserted: 7, load factor: 0.058333

None                None                None                None                None                
5 -> None           None                None                None                None                
None                None                None                None                None                
None                None                None                18 -> None          None                
None                None                None                23 -> None          None                
None                None                None                None                None                
None                None                None                None                None                
None                None                None                None                None                
None                None                42 -> None          None                None                
None                None                None                None                None                
None                None                None                None                None                
None                None                57 -> None          None                None                
None                None                None                None                None                
None                None                67 -> None          None                None                
None                None                None                None                None                
None                None                None                None                None                
None                None                None                None                None                
None                None                None                None                None                
None                None                None                None                None                
None                None                None                None                99 -> None          
None                None                None                None                None                
None                None                None                None                None                
None                None                None                None                None                
None                None                None                None                None                

Execution Time: 5.112e-05 seconds
Memory Usage: 0.000e+00 bytes
original input:
5, 18, 23, 42, 57, 
67, 99

scheme 10 (division) - modulo: 41, bucket size: 3, linear
# of primary collisions: 0, secondary collisions: 0, total collisions: 0
# of comparisons: 7, records inserted: 7, load factor: 0.058333

None    42      None    
None    None    5       
None    None    None    
None    None    None    
None    None    None    
None    57      99      
18      None    None    
None    None    23      
None    None    67      
None    None    None    
None    None    None    
None    None    None    
None    None    None    
None    None    None    
None    None    None    
None    None    None    
None    None    None    
None    None    None    
None    None    None    
None    None    None    
None    None    None    
None    None    None    
None    None    None    
None    None    None    
None    None    None    
None    None    None    
None    None    None    
None    None    None    
None    None    None    
None    None    None    
None    None    None    
None    None    None    
None    None    None    
None    None    None    
None    None    None    
None    None    None    
None    None    None    
None    None    None    
None    None    None    
None    None    None    

Execution Time: 4.893e-05 seconds
Memory Usage: 0.000e+00 bytes
original input:
5, 18, 23, 42, 57, 
67, 99

scheme 11 (division) - modulo: 41, bucket size: 3, quadratic
# of primary collisions: 0, secondary collisions: 0, total collisions: 0
# of comparisons: 7, records inserted: 7, load factor: 0.058333

None    42      None    
None    None    5       
None    None    None    
None    None    None    
None    None    None    
None    57      99      
18      None    None    
None    None    23      
None    None    67      
None    None    None    
None    None    None    
None    None    None    
None    None    None    
None    None    None    
None    None    None    
None    None    None    
None    None    None    
None    None    None    
None    None    None    
None    None    None    
None    None    None    
None    None    None    
None    None    None    
None    None    None    
None    None    None    
None    None    None    
None    None    None    
None    None    None    
None    None    None    
None    None    None    
None    None    None    
None    None    None    
None    None    None    
None    None    None    
None    None    None    
None    None    None    
None    None    None    
None    None    None    
None    None    None    
None    None    None    

Execution Time: 4.739e-05 seconds
Memory Usage: 0.000e+00 bytes
]]></system-out>
  </testcase>
  <testcase name="testManualDivisionLinearProbing" classname="edu.jhu.algos.HashingDriverTest" time="1.487">
    <system-out><![CDATA[original input:
5, 18, 23, 42, 57, 
67, 99

scheme -1 (division) - modulo: 113, bucket size: 1, linear
# of primary collisions: 0, secondary collisions: 0, total collisions: 0
# of comparisons: 7, records inserted: 7, load factor: 0.058333

None    None    None    None    None    
5       None    None    None    None    
None    None    None    None    None    
None    None    None    18      None    
None    None    None    23      None    
None    None    None    None    None    
None    None    None    None    None    
None    None    None    None    None    
None    None    42      None    None    
None    None    None    None    None    
None    None    None    None    None    
None    None    57      None    None    
None    None    None    None    None    
None    None    67      None    None    
None    None    None    None    None    
None    None    None    None    None    
None    None    None    None    None    
None    None    None    None    None    
None    None    None    None    None    
None    None    None    None    99      
None    None    None    None    None    
None    None    None    None    None    
None    None    None    None    None    
None    None    None    None    None    

Execution Time: 3.033e-05 seconds
Memory Usage: 0.000e+00 bytes
 Chart saved to: plots/test_scheme_output_manual_division_linear_manual_division_mod113_bucket1_linear.png
]]></system-out>
  </testcase>
  <testcase name="testManualCustomQuadraticProbing" classname="edu.jhu.algos.HashingDriverTest" time="0.212">
    <system-out><![CDATA[original input:
5, 18, 23, 42, 57, 
67, 99

scheme -1 (custom) - modulo: N/A, bucket size: 1, quadratic
# of primary collisions: 2, secondary collisions: 0, total collisions: 2
# of comparisons: 9, records inserted: 7, load factor: 0.058333

99      None    None    None    None    
None    None    None    None    None    
None    None    None    None    None    
None    None    5       None    None    
None    None    None    None    None    
None    None    None    None    None    
None    None    None    None    18      
42      None    None    None    None    
None    None    None    None    None    
None    None    None    None    None    
None    23      None    None    None    
None    None    None    None    None    
None    None    None    None    None    
None    None    None    None    None    
None    None    None    None    None    
None    None    None    None    None    
None    None    None    None    None    
57      None    None    None    None    
None    None    None    None    None    
None    None    None    None    None    
None    None    None    None    None    
None    None    None    None    None    
None    None    None    None    None    
None    None    None    None    67      

Execution Time: 3.589e-05 seconds
Memory Usage: 0.000e+00 bytes
 Chart saved to: plots/test_scheme_output_manual_custom_quadratic_manual_custom_modnone_bucket1_quadratic.png
]]></system-out>
  </testcase>
  <testcase name="testNullKeyList" classname="edu.jhu.algos.HashingDriverTest" time="0.004">
    <system-err><![CDATA[Error: Input key list is empty or null.
]]></system-err>
  </testcase>
  <testcase name="testManualChainingCustom" classname="edu.jhu.algos.HashingDriverTest" time="0.168">
    <system-out><![CDATA[original input:
5, 18, 23, 42, 57, 
67, 99

scheme -1 (custom) - modulo: N/A, bucket size: 1, chaining
# of collisions: 2
# of comparisons: 2, records inserted: 7, load factor: 0.058333

None                None                None                None                None                
None                None                None                None                None                
None                None                None                None                None                
None                None                5 -> None           None                None                
None                None                None                None                None                
None                None                None                None                None                
None                None                None                None                42 -> 18 -> None    
None                None                None                None                None                
None                None                None                None                None                
None                None                None                None                None                
None                23 -> None          None                None                None                
None                None                None                None                None                
None                None                None                None                None                
None                None                None                None                None                
None                None                None                None                None                
None                None                None                None                None                
None                None                None                None                None                
57 -> None          None                None                None                None                
None                None                None                None                None                
None                None                None                None                None                
None                None                None                None                None                
None                None                None                None                None                
None                None                None                None                None                
None                None                None                None                99 -> 67 -> None    

Execution Time: 2.806e-05 seconds
Memory Usage: 0.000e+00 bytes
 Chart saved to: plots/test_scheme_output_manual_custom_chaining_manual_custom_modnone_bucket1_chaining.png
]]></system-out>
  </testcase>
  <testcase name="testManualInvalidHashingMethod" classname="edu.jhu.algos.HashingDriverTest" time="0.003">
    <system-err><![CDATA[Error: Unsupported hashing method: invalid-method
]]></system-err>
  </testcase>
</testsuite>